{"C:\\Users\\USER\\Documents\\FINAL DOC ADI PAGE\\src\\App.jsx": {"path":"C:\\Users\\USER\\Documents\\FINAL DOC ADI PAGE\\src\\App.jsx","statementMap":{"0":{"start":{"line":9,"column":17},"end":{"line":9,"column":null}},"1":{"start":{"line":9,"column":28},"end":{"line":9,"column":null}},"2":{"start":{"line":10,"column":18},"end":{"line":10,"column":null}},"3":{"start":{"line":10,"column":29},"end":{"line":10,"column":null}},"4":{"start":{"line":11,"column":21},"end":{"line":11,"column":null}},"5":{"start":{"line":11,"column":32},"end":{"line":11,"column":null}},"6":{"start":{"line":12,"column":19},"end":{"line":12,"column":null}},"7":{"start":{"line":12,"column":30},"end":{"line":12,"column":null}},"8":{"start":{"line":13,"column":25},"end":{"line":13,"column":null}},"9":{"start":{"line":13,"column":36},"end":{"line":13,"column":null}},"10":{"start":{"line":14,"column":28},"end":{"line":14,"column":null}},"11":{"start":{"line":14,"column":39},"end":{"line":14,"column":null}},"12":{"start":{"line":15,"column":22},"end":{"line":15,"column":null}},"13":{"start":{"line":15,"column":33},"end":{"line":15,"column":null}},"14":{"start":{"line":16,"column":17},"end":{"line":16,"column":null}},"15":{"start":{"line":16,"column":28},"end":{"line":16,"column":null}},"16":{"start":{"line":17,"column":19},"end":{"line":17,"column":null}},"17":{"start":{"line":17,"column":30},"end":{"line":17,"column":null}},"18":{"start":{"line":18,"column":22},"end":{"line":18,"column":null}},"19":{"start":{"line":18,"column":33},"end":{"line":18,"column":null}},"20":{"start":{"line":19,"column":20},"end":{"line":19,"column":null}},"21":{"start":{"line":19,"column":31},"end":{"line":19,"column":null}},"22":{"start":{"line":20,"column":20},"end":{"line":20,"column":null}},"23":{"start":{"line":20,"column":31},"end":{"line":20,"column":null}},"24":{"start":{"line":21,"column":21},"end":{"line":21,"column":null}},"25":{"start":{"line":21,"column":32},"end":{"line":21,"column":null}},"26":{"start":{"line":24,"column":2},"end":{"line":54,"column":null}}},"fnMap":{"0":{"name":"(anonymous_0)","decl":{"start":{"line":9,"column":17},"end":{"line":9,"column":28}},"loc":{"start":{"line":9,"column":28},"end":{"line":9,"column":null}},"line":9},"1":{"name":"(anonymous_1)","decl":{"start":{"line":10,"column":18},"end":{"line":10,"column":29}},"loc":{"start":{"line":10,"column":29},"end":{"line":10,"column":null}},"line":10},"2":{"name":"(anonymous_2)","decl":{"start":{"line":11,"column":21},"end":{"line":11,"column":32}},"loc":{"start":{"line":11,"column":32},"end":{"line":11,"column":null}},"line":11},"3":{"name":"(anonymous_3)","decl":{"start":{"line":12,"column":19},"end":{"line":12,"column":30}},"loc":{"start":{"line":12,"column":30},"end":{"line":12,"column":null}},"line":12},"4":{"name":"(anonymous_4)","decl":{"start":{"line":13,"column":25},"end":{"line":13,"column":36}},"loc":{"start":{"line":13,"column":36},"end":{"line":13,"column":null}},"line":13},"5":{"name":"(anonymous_5)","decl":{"start":{"line":14,"column":28},"end":{"line":14,"column":39}},"loc":{"start":{"line":14,"column":39},"end":{"line":14,"column":null}},"line":14},"6":{"name":"(anonymous_6)","decl":{"start":{"line":15,"column":22},"end":{"line":15,"column":33}},"loc":{"start":{"line":15,"column":33},"end":{"line":15,"column":null}},"line":15},"7":{"name":"(anonymous_7)","decl":{"start":{"line":16,"column":17},"end":{"line":16,"column":28}},"loc":{"start":{"line":16,"column":28},"end":{"line":16,"column":null}},"line":16},"8":{"name":"(anonymous_8)","decl":{"start":{"line":17,"column":19},"end":{"line":17,"column":30}},"loc":{"start":{"line":17,"column":30},"end":{"line":17,"column":null}},"line":17},"9":{"name":"(anonymous_9)","decl":{"start":{"line":18,"column":22},"end":{"line":18,"column":33}},"loc":{"start":{"line":18,"column":33},"end":{"line":18,"column":null}},"line":18},"10":{"name":"(anonymous_10)","decl":{"start":{"line":19,"column":20},"end":{"line":19,"column":31}},"loc":{"start":{"line":19,"column":31},"end":{"line":19,"column":null}},"line":19},"11":{"name":"(anonymous_11)","decl":{"start":{"line":20,"column":20},"end":{"line":20,"column":31}},"loc":{"start":{"line":20,"column":31},"end":{"line":20,"column":null}},"line":20},"12":{"name":"(anonymous_12)","decl":{"start":{"line":21,"column":21},"end":{"line":21,"column":32}},"loc":{"start":{"line":21,"column":32},"end":{"line":21,"column":null}},"line":21},"13":{"name":"App","decl":{"start":{"line":23,"column":9},"end":{"line":23,"column":15}},"loc":{"start":{"line":23,"column":15},"end":{"line":56,"column":null}},"line":23}},"branchMap":{},"s":{"0":1,"1":0,"2":1,"3":0,"4":1,"5":0,"6":1,"7":0,"8":1,"9":0,"10":1,"11":0,"12":1,"13":0,"14":1,"15":0,"16":1,"17":0,"18":1,"19":0,"20":1,"21":0,"22":1,"23":1,"24":1,"25":1,"26":4},"f":{"0":0,"1":0,"2":0,"3":0,"4":0,"5":0,"6":0,"7":0,"8":0,"9":0,"10":0,"11":1,"12":1,"13":4},"b":{},"meta":{"lastBranch":0,"lastFunction":14,"lastStatement":27,"seen":{"s:9:17:9:Infinity":0,"f:9:17:9:28":0,"s:9:28:9:Infinity":1,"s:10:18:10:Infinity":2,"f:10:18:10:29":1,"s:10:29:10:Infinity":3,"s:11:21:11:Infinity":4,"f:11:21:11:32":2,"s:11:32:11:Infinity":5,"s:12:19:12:Infinity":6,"f:12:19:12:30":3,"s:12:30:12:Infinity":7,"s:13:25:13:Infinity":8,"f:13:25:13:36":4,"s:13:36:13:Infinity":9,"s:14:28:14:Infinity":10,"f:14:28:14:39":5,"s:14:39:14:Infinity":11,"s:15:22:15:Infinity":12,"f:15:22:15:33":6,"s:15:33:15:Infinity":13,"s:16:17:16:Infinity":14,"f:16:17:16:28":7,"s:16:28:16:Infinity":15,"s:17:19:17:Infinity":16,"f:17:19:17:30":8,"s:17:30:17:Infinity":17,"s:18:22:18:Infinity":18,"f:18:22:18:33":9,"s:18:33:18:Infinity":19,"s:19:20:19:Infinity":20,"f:19:20:19:31":10,"s:19:31:19:Infinity":21,"s:20:20:20:Infinity":22,"f:20:20:20:31":11,"s:20:31:20:Infinity":23,"s:21:21:21:Infinity":24,"f:21:21:21:32":12,"s:21:32:21:Infinity":25,"f:23:9:23:15":13,"s:24:2:54:Infinity":26},"fnNames":{}}}
,"C:\\Users\\USER\\Documents\\FINAL DOC ADI PAGE\\src\\admin\\index.js": {"path":"C:\\Users\\USER\\Documents\\FINAL DOC ADI PAGE\\src\\admin\\index.js","statementMap":{},"fnMap":{},"branchMap":{},"s":{},"f":{},"b":{},"meta":{"lastBranch":0,"lastFunction":0,"lastStatement":0,"seen":{},"fnNames":{}}}
,"C:\\Users\\USER\\Documents\\FINAL DOC ADI PAGE\\src\\admin\\components\\ConfirmDeleteModal.jsx": {"path":"C:\\Users\\USER\\Documents\\FINAL DOC ADI PAGE\\src\\admin\\components\\ConfirmDeleteModal.jsx","statementMap":{"0":{"start":{"line":5,"column":2},"end":{"line":5,"column":null}},"1":{"start":{"line":5,"column":15},"end":{"line":5,"column":null}},"2":{"start":{"line":7,"column":2},"end":{"line":37,"column":null}}},"fnMap":{"0":{"name":"ConfirmDeleteModal","decl":{"start":{"line":4,"column":16},"end":{"line":4,"column":35}},"loc":{"start":{"line":4,"column":103},"end":{"line":39,"column":null}},"line":4}},"branchMap":{"0":{"loc":{"start":{"line":4,"column":82},"end":{"line":4,"column":103}},"type":"default-arg","locations":[{"start":{"line":4,"column":94},"end":{"line":4,"column":103}}],"line":4},"1":{"loc":{"start":{"line":5,"column":2},"end":{"line":5,"column":null}},"type":"if","locations":[{"start":{"line":5,"column":2},"end":{"line":5,"column":null}},{"start":{},"end":{}}],"line":5},"2":{"loc":{"start":{"line":32,"column":13},"end":{"line":32,"column":null}},"type":"binary-expr","locations":[{"start":{"line":32,"column":13},"end":{"line":32,"column":26}},{"start":{"line":32,"column":26},"end":{"line":32,"column":null}}],"line":32}},"s":{"0":0,"1":0,"2":0},"f":{"0":0},"b":{"0":[0],"1":[0,0],"2":[0,0]},"meta":{"lastBranch":3,"lastFunction":1,"lastStatement":3,"seen":{"f:4:16:4:35":0,"b:4:94:4:103":0,"b:5:2:5:Infinity:undefined:undefined:undefined:undefined":1,"s:5:2:5:Infinity":0,"s:5:15:5:Infinity":1,"s:7:2:37:Infinity":2,"b:32:13:32:26:32:26:32:Infinity":2},"fnNames":{}}}
,"C:\\Users\\USER\\Documents\\FINAL DOC ADI PAGE\\src\\admin\\components\\DashboardComponents.jsx": {"path":"C:\\Users\\USER\\Documents\\FINAL DOC ADI PAGE\\src\\admin\\components\\DashboardComponents.jsx","statementMap":{"0":{"start":{"line":8,"column":2},"end":{"line":35,"column":null}},"1":{"start":{"line":44,"column":21},"end":{"line":49,"column":null}},"2":{"start":{"line":51,"column":2},"end":{"line":60,"column":null}},"3":{"start":{"line":68,"column":8},"end":{"line":73,"column":null}},"4":{"start":{"line":69,"column":17},"end":{"line":69,"column":null}},"5":{"start":{"line":70,"column":4},"end":{"line":70,"column":null}},"6":{"start":{"line":70,"column":19},"end":{"line":70,"column":null}},"7":{"start":{"line":71,"column":4},"end":{"line":71,"column":null}},"8":{"start":{"line":71,"column":19},"end":{"line":71,"column":null}},"9":{"start":{"line":72,"column":4},"end":{"line":72,"column":null}},"10":{"start":{"line":75,"column":2},"end":{"line":83,"column":null}}},"fnMap":{"0":{"name":"StatCard","decl":{"start":{"line":7,"column":16},"end":{"line":7,"column":25}},"loc":{"start":{"line":7,"column":88},"end":{"line":37,"column":null}},"line":7},"1":{"name":"RecentActivityCard","decl":{"start":{"line":43,"column":16},"end":{"line":43,"column":35}},"loc":{"start":{"line":43,"column":85},"end":{"line":62,"column":null}},"line":43},"2":{"name":"WelcomeSection","decl":{"start":{"line":67,"column":16},"end":{"line":67,"column":31}},"loc":{"start":{"line":67,"column":45},"end":{"line":85,"column":null}},"line":67},"3":{"name":"(anonymous_3)","decl":{"start":{"line":68,"column":8},"end":{"line":68,"column":28}},"loc":{"start":{"line":68,"column":28},"end":{"line":73,"column":null}},"line":68}},"branchMap":{"0":{"loc":{"start":{"line":7,"column":61},"end":{"line":7,"column":88}},"type":"default-arg","locations":[{"start":{"line":7,"column":74},"end":{"line":7,"column":88}}],"line":7},"1":{"loc":{"start":{"line":14,"column":11},"end":{"line":22,"column":null}},"type":"binary-expr","locations":[{"start":{"line":14,"column":11},"end":{"line":14,"column":null}},{"start":{"line":15,"column":12},"end":{"line":22,"column":null}}],"line":14},"2":{"loc":{"start":{"line":17,"column":16},"end":{"line":17,"column":null}},"type":"cond-expr","locations":[{"start":{"line":17,"column":44},"end":{"line":17,"column":63}},{"start":{"line":17,"column":63},"end":{"line":17,"column":null}}],"line":17},"3":{"loc":{"start":{"line":27,"column":12},"end":{"line":29,"column":null}},"type":"cond-expr","locations":[{"start":{"line":28,"column":16},"end":{"line":28,"column":null}},{"start":{"line":29,"column":16},"end":{"line":29,"column":null}}],"line":27},"4":{"loc":{"start":{"line":32,"column":11},"end":{"line":32,"column":null}},"type":"binary-expr","locations":[{"start":{"line":32,"column":11},"end":{"line":32,"column":19}},{"start":{"line":32,"column":19},"end":{"line":32,"column":null}}],"line":32},"5":{"loc":{"start":{"line":43,"column":68},"end":{"line":43,"column":85}},"type":"default-arg","locations":[{"start":{"line":43,"column":75},"end":{"line":43,"column":85}}],"line":43},"6":{"loc":{"start":{"line":70,"column":4},"end":{"line":70,"column":null}},"type":"if","locations":[{"start":{"line":70,"column":4},"end":{"line":70,"column":null}},{"start":{},"end":{}}],"line":70},"7":{"loc":{"start":{"line":71,"column":4},"end":{"line":71,"column":null}},"type":"if","locations":[{"start":{"line":71,"column":4},"end":{"line":71,"column":null}},{"start":{},"end":{}}],"line":71},"8":{"loc":{"start":{"line":78,"column":26},"end":{"line":78,"column":46}},"type":"binary-expr","locations":[{"start":{"line":78,"column":26},"end":{"line":78,"column":38}},{"start":{"line":78,"column":38},"end":{"line":78,"column":46}}],"line":78}},"s":{"0":0,"1":0,"2":0,"3":0,"4":0,"5":0,"6":0,"7":0,"8":0,"9":0,"10":0},"f":{"0":0,"1":0,"2":0,"3":0},"b":{"0":[0],"1":[0,0],"2":[0,0],"3":[0,0],"4":[0,0],"5":[0],"6":[0,0],"7":[0,0],"8":[0,0]},"meta":{"lastBranch":9,"lastFunction":4,"lastStatement":11,"seen":{"f:7:16:7:25":0,"b:7:74:7:88":0,"s:8:2:35:Infinity":0,"b:14:11:14:Infinity:15:12:22:Infinity":1,"b:17:44:17:63:17:63:17:Infinity":2,"b:28:16:28:Infinity:29:16:29:Infinity":3,"b:32:11:32:19:32:19:32:Infinity":4,"f:43:16:43:35":1,"b:43:75:43:85":5,"s:44:21:49:Infinity":1,"s:51:2:60:Infinity":2,"f:67:16:67:31":2,"s:68:8:73:Infinity":3,"f:68:8:68:28":3,"s:69:17:69:Infinity":4,"b:70:4:70:Infinity:undefined:undefined:undefined:undefined":6,"s:70:4:70:Infinity":5,"s:70:19:70:Infinity":6,"b:71:4:71:Infinity:undefined:undefined:undefined:undefined":7,"s:71:4:71:Infinity":7,"s:71:19:71:Infinity":8,"s:72:4:72:Infinity":9,"s:75:2:83:Infinity":10,"b:78:26:78:38:78:38:78:46":8},"fnNames":{}}}
,"C:\\Users\\USER\\Documents\\FINAL DOC ADI PAGE\\src\\admin\\components\\EmptyState.jsx": {"path":"C:\\Users\\USER\\Documents\\FINAL DOC ADI PAGE\\src\\admin\\components\\EmptyState.jsx","statementMap":{"0":{"start":{"line":4,"column":2},"end":{"line":17,"column":null}}},"fnMap":{"0":{"name":"EmptyState","decl":{"start":{"line":3,"column":16},"end":{"line":3,"column":27}},"loc":{"start":{"line":3,"column":84},"end":{"line":19,"column":null}},"line":3}},"branchMap":{"0":{"loc":{"start":{"line":6,"column":7},"end":{"line":6,"column":null}},"type":"binary-expr","locations":[{"start":{"line":6,"column":7},"end":{"line":6,"column":15}},{"start":{"line":6,"column":15},"end":{"line":6,"column":null}}],"line":6},"1":{"loc":{"start":{"line":9,"column":7},"end":{"line":15,"column":null}},"type":"binary-expr","locations":[{"start":{"line":9,"column":7},"end":{"line":9,"column":null}},{"start":{"line":10,"column":8},"end":{"line":15,"column":null}}],"line":9}},"s":{"0":0},"f":{"0":0},"b":{"0":[0,0],"1":[0,0]},"meta":{"lastBranch":2,"lastFunction":1,"lastStatement":1,"seen":{"f:3:16:3:27":0,"s:4:2:17:Infinity":0,"b:6:7:6:15:6:15:6:Infinity":0,"b:9:7:9:Infinity:10:8:15:Infinity":1},"fnNames":{}}}
,"C:\\Users\\USER\\Documents\\FINAL DOC ADI PAGE\\src\\admin\\components\\FileUploader.jsx": {"path":"C:\\Users\\USER\\Documents\\FINAL DOC ADI PAGE\\src\\admin\\components\\FileUploader.jsx","statementMap":{"0":{"start":{"line":5,"column":28},"end":{"line":5,"column":null}},"1":{"start":{"line":6,"column":19},"end":{"line":6,"column":null}},"2":{"start":{"line":8,"column":8},"end":{"line":25,"column":null}},"3":{"start":{"line":9,"column":23},"end":{"line":15,"column":null}},"4":{"start":{"line":10,"column":6},"end":{"line":13,"column":null}},"5":{"start":{"line":11,"column":8},"end":{"line":11,"column":null}},"6":{"start":{"line":12,"column":8},"end":{"line":12,"column":null}},"7":{"start":{"line":14,"column":6},"end":{"line":14,"column":null}},"8":{"start":{"line":17,"column":4},"end":{"line":24,"column":null}},"9":{"start":{"line":18,"column":23},"end":{"line":18,"column":null}},"10":{"start":{"line":19,"column":6},"end":{"line":19,"column":null}},"11":{"start":{"line":20,"column":6},"end":{"line":20,"column":null}},"12":{"start":{"line":22,"column":6},"end":{"line":22,"column":null}},"13":{"start":{"line":23,"column":6},"end":{"line":23,"column":null}},"14":{"start":{"line":27,"column":8},"end":{"line":31,"column":null}},"15":{"start":{"line":28,"column":21},"end":{"line":28,"column":null}},"16":{"start":{"line":28,"column":44},"end":{"line":28,"column":55}},"17":{"start":{"line":29,"column":4},"end":{"line":29,"column":null}},"18":{"start":{"line":30,"column":4},"end":{"line":30,"column":null}},"19":{"start":{"line":33,"column":2},"end":{"line":79,"column":null}},"20":{"start":{"line":40,"column":25},"end":{"line":40,"column":null}},"21":{"start":{"line":47,"column":23},"end":{"line":47,"column":null}},"22":{"start":{"line":58,"column":12},"end":{"line":75,"column":null}},"23":{"start":{"line":69,"column":31},"end":{"line":69,"column":null}}},"fnMap":{"0":{"name":"FileUploader","decl":{"start":{"line":4,"column":16},"end":{"line":4,"column":29}},"loc":{"start":{"line":4,"column":100},"end":{"line":81,"column":null}},"line":4},"1":{"name":"(anonymous_1)","decl":{"start":{"line":8,"column":8},"end":{"line":8,"column":28}},"loc":{"start":{"line":8,"column":46},"end":{"line":25,"column":null}},"line":8},"2":{"name":"(anonymous_2)","decl":{"start":{"line":9,"column":49},"end":{"line":9,"column":57}},"loc":{"start":{"line":9,"column":66},"end":{"line":15,"column":5}},"line":9},"3":{"name":"(anonymous_3)","decl":{"start":{"line":27,"column":8},"end":{"line":27,"column":22}},"loc":{"start":{"line":27,"column":32},"end":{"line":31,"column":null}},"line":27},"4":{"name":"(anonymous_4)","decl":{"start":{"line":28,"column":27},"end":{"line":28,"column":35}},"loc":{"start":{"line":28,"column":44},"end":{"line":28,"column":55}},"line":28},"5":{"name":"(anonymous_5)","decl":{"start":{"line":40,"column":8},"end":{"line":40,"column":19}},"loc":{"start":{"line":40,"column":25},"end":{"line":40,"column":null}},"line":40},"6":{"name":"(anonymous_6)","decl":{"start":{"line":47,"column":8},"end":{"line":47,"column":23}},"loc":{"start":{"line":47,"column":23},"end":{"line":47,"column":null}},"line":47},"7":{"name":"(anonymous_7)","decl":{"start":{"line":57,"column":17},"end":{"line":57,"column":22}},"loc":{"start":{"line":58,"column":12},"end":{"line":75,"column":null}},"line":58},"8":{"name":"(anonymous_8)","decl":{"start":{"line":69,"column":16},"end":{"line":69,"column":31}},"loc":{"start":{"line":69,"column":31},"end":{"line":69,"column":null}},"line":69}},"branchMap":{"0":{"loc":{"start":{"line":4,"column":41},"end":{"line":4,"column":61}},"type":"default-arg","locations":[{"start":{"line":4,"column":50},"end":{"line":4,"column":61}}],"line":4},"1":{"loc":{"start":{"line":4,"column":61},"end":{"line":4,"column":80}},"type":"default-arg","locations":[{"start":{"line":4,"column":71},"end":{"line":4,"column":80}}],"line":4},"2":{"loc":{"start":{"line":4,"column":80},"end":{"line":4,"column":100}},"type":"default-arg","locations":[{"start":{"line":4,"column":91},"end":{"line":4,"column":100}}],"line":4},"3":{"loc":{"start":{"line":10,"column":6},"end":{"line":13,"column":null}},"type":"if","locations":[{"start":{"line":10,"column":6},"end":{"line":13,"column":null}},{"start":{},"end":{}}],"line":10},"4":{"loc":{"start":{"line":17,"column":4},"end":{"line":24,"column":null}},"type":"if","locations":[{"start":{"line":17,"column":4},"end":{"line":24,"column":null}},{"start":{"line":21,"column":11},"end":{"line":24,"column":null}}],"line":17},"5":{"loc":{"start":{"line":30,"column":13},"end":{"line":30,"column":39}},"type":"cond-expr","locations":[{"start":{"line":30,"column":24},"end":{"line":30,"column":35}},{"start":{"line":30,"column":35},"end":{"line":30,"column":39}}],"line":30},"6":{"loc":{"start":{"line":55,"column":7},"end":{"line":77,"column":null}},"type":"binary-expr","locations":[{"start":{"line":55,"column":7},"end":{"line":55,"column":null}},{"start":{"line":56,"column":8},"end":{"line":77,"column":null}}],"line":55}},"s":{"0":27,"1":27,"2":27,"3":9,"4":9,"5":1,"6":1,"7":8,"8":9,"9":4,"10":4,"11":4,"12":5,"13":5,"14":27,"15":2,"16":3,"17":2,"18":2,"19":27,"20":9,"21":0,"22":11,"23":2},"f":{"0":27,"1":9,"2":9,"3":2,"4":3,"5":9,"6":0,"7":11,"8":2},"b":{"0":[27],"1":[27],"2":[27],"3":[1,8],"4":[4,5],"5":[1,1],"6":[27,9]},"meta":{"lastBranch":7,"lastFunction":9,"lastStatement":24,"seen":{"f:4:16:4:29":0,"b:4:50:4:61":0,"b:4:71:4:80":1,"b:4:91:4:100":2,"s:5:28:5:Infinity":0,"s:6:19:6:Infinity":1,"s:8:8:25:Infinity":2,"f:8:8:8:28":1,"s:9:23:15:Infinity":3,"f:9:49:9:57":2,"b:10:6:13:Infinity:undefined:undefined:undefined:undefined":3,"s:10:6:13:Infinity":4,"s:11:8:11:Infinity":5,"s:12:8:12:Infinity":6,"s:14:6:14:Infinity":7,"b:17:4:24:Infinity:21:11:24:Infinity":4,"s:17:4:24:Infinity":8,"s:18:23:18:Infinity":9,"s:19:6:19:Infinity":10,"s:20:6:20:Infinity":11,"s:22:6:22:Infinity":12,"s:23:6:23:Infinity":13,"s:27:8:31:Infinity":14,"f:27:8:27:22":3,"s:28:21:28:Infinity":15,"f:28:27:28:35":4,"s:28:44:28:55":16,"s:29:4:29:Infinity":17,"s:30:4:30:Infinity":18,"b:30:24:30:35:30:35:30:39":5,"s:33:2:79:Infinity":19,"f:40:8:40:19":5,"s:40:25:40:Infinity":20,"f:47:8:47:23":6,"s:47:23:47:Infinity":21,"b:55:7:55:Infinity:56:8:77:Infinity":6,"f:57:17:57:22":7,"s:58:12:75:Infinity":22,"f:69:16:69:31":8,"s:69:31:69:Infinity":23},"fnNames":{}}}
,"C:\\Users\\USER\\Documents\\FINAL DOC ADI PAGE\\src\\admin\\components\\FormElements.jsx": {"path":"C:\\Users\\USER\\Documents\\FINAL DOC ADI PAGE\\src\\admin\\components\\FormElements.jsx","statementMap":{"0":{"start":{"line":7,"column":25},"end":{"line":35,"column":null}},"1":{"start":{"line":9,"column":4},"end":{"line":35,"column":null}},"2":{"start":{"line":37,"column":0},"end":{"line":37,"column":null}},"3":{"start":{"line":51,"column":2},"end":{"line":81,"column":null}},"4":{"start":{"line":90,"column":2},"end":{"line":90,"column":null}},"5":{"start":{"line":90,"column":16},"end":{"line":90,"column":null}},"6":{"start":{"line":92,"column":2},"end":{"line":130,"column":null}},"7":{"start":{"line":139,"column":2},"end":{"line":139,"column":null}},"8":{"start":{"line":139,"column":16},"end":{"line":139,"column":null}},"9":{"start":{"line":141,"column":2},"end":{"line":179,"column":null}}},"fnMap":{"0":{"name":"(anonymous_0)","decl":{"start":{"line":7,"column":25},"end":{"line":7,"column":null}},"loc":{"start":{"line":9,"column":4},"end":{"line":35,"column":null}},"line":9},"1":{"name":"FormButton","decl":{"start":{"line":43,"column":16},"end":{"line":43,"column":27}},"loc":{"start":{"line":50,"column":3},"end":{"line":83,"column":null}},"line":50},"2":{"name":"ErrorAlert","decl":{"start":{"line":89,"column":16},"end":{"line":89,"column":27}},"loc":{"start":{"line":89,"column":51},"end":{"line":132,"column":null}},"line":89},"3":{"name":"SuccessAlert","decl":{"start":{"line":138,"column":16},"end":{"line":138,"column":29}},"loc":{"start":{"line":138,"column":53},"end":{"line":181,"column":null}},"line":138}},"branchMap":{"0":{"loc":{"start":{"line":8,"column":19},"end":{"line":8,"column":34}},"type":"default-arg","locations":[{"start":{"line":8,"column":26},"end":{"line":8,"column":34}}],"line":8},"1":{"loc":{"start":{"line":10,"column":7},"end":{"line":14,"column":null}},"type":"binary-expr","locations":[{"start":{"line":10,"column":7},"end":{"line":10,"column":null}},{"start":{"line":11,"column":8},"end":{"line":14,"column":null}}],"line":10},"2":{"loc":{"start":{"line":13,"column":11},"end":{"line":14,"column":null}},"type":"binary-expr","locations":[{"start":{"line":13,"column":11},"end":{"line":13,"column":23}},{"start":{"line":13,"column":23},"end":{"line":14,"column":null}}],"line":13},"3":{"loc":{"start":{"line":21,"column":10},"end":{"line":23,"column":null}},"type":"cond-expr","locations":[{"start":{"line":22,"column":14},"end":{"line":22,"column":null}},{"start":{"line":23,"column":14},"end":{"line":23,"column":null}}],"line":21},"4":{"loc":{"start":{"line":27,"column":7},"end":{"line":31,"column":null}},"type":"binary-expr","locations":[{"start":{"line":27,"column":7},"end":{"line":27,"column":null}},{"start":{"line":28,"column":8},"end":{"line":31,"column":null}}],"line":27},"5":{"loc":{"start":{"line":47,"column":2},"end":{"line":47,"column":null}},"type":"default-arg","locations":[{"start":{"line":47,"column":9},"end":{"line":47,"column":null}}],"line":47},"6":{"loc":{"start":{"line":48,"column":2},"end":{"line":48,"column":null}},"type":"default-arg","locations":[{"start":{"line":48,"column":14},"end":{"line":48,"column":null}}],"line":48},"7":{"loc":{"start":{"line":54,"column":16},"end":{"line":54,"column":null}},"type":"binary-expr","locations":[{"start":{"line":54,"column":16},"end":{"line":54,"column":27}},{"start":{"line":54,"column":27},"end":{"line":54,"column":null}}],"line":54},"8":{"loc":{"start":{"line":58,"column":7},"end":{"line":80,"column":7}},"type":"binary-expr","locations":[{"start":{"line":58,"column":7},"end":{"line":58,"column":null}},{"start":{"line":59,"column":8},"end":{"line":80,"column":7}}],"line":58},"9":{"loc":{"start":{"line":90,"column":2},"end":{"line":90,"column":null}},"type":"if","locations":[{"start":{"line":90,"column":2},"end":{"line":90,"column":null}},{"start":{},"end":{}}],"line":90},"10":{"loc":{"start":{"line":111,"column":7},"end":{"line":128,"column":null}},"type":"binary-expr","locations":[{"start":{"line":111,"column":7},"end":{"line":111,"column":null}},{"start":{"line":112,"column":8},"end":{"line":128,"column":null}}],"line":111},"11":{"loc":{"start":{"line":139,"column":2},"end":{"line":139,"column":null}},"type":"if","locations":[{"start":{"line":139,"column":2},"end":{"line":139,"column":null}},{"start":{},"end":{}}],"line":139},"12":{"loc":{"start":{"line":160,"column":7},"end":{"line":177,"column":null}},"type":"binary-expr","locations":[{"start":{"line":160,"column":7},"end":{"line":160,"column":null}},{"start":{"line":161,"column":8},"end":{"line":177,"column":null}}],"line":160}},"s":{"0":0,"1":0,"2":0,"3":0,"4":0,"5":0,"6":0,"7":0,"8":0,"9":0},"f":{"0":0,"1":0,"2":0,"3":0},"b":{"0":[0],"1":[0,0],"2":[0,0],"3":[0,0],"4":[0,0],"5":[0],"6":[0],"7":[0,0],"8":[0,0],"9":[0,0],"10":[0,0],"11":[0,0],"12":[0,0]},"meta":{"lastBranch":13,"lastFunction":4,"lastStatement":10,"seen":{"s:7:25:35:Infinity":0,"f:7:25:7:Infinity":0,"s:9:4:35:Infinity":1,"b:8:26:8:34":0,"b:10:7:10:Infinity:11:8:14:Infinity":1,"b:13:11:13:23:13:23:14:Infinity":2,"b:22:14:22:Infinity:23:14:23:Infinity":3,"b:27:7:27:Infinity:28:8:31:Infinity":4,"s:37:0:37:Infinity":2,"f:43:16:43:27":1,"b:47:9:47:Infinity":5,"b:48:14:48:Infinity":6,"s:51:2:81:Infinity":3,"b:54:16:54:27:54:27:54:Infinity":7,"b:58:7:58:Infinity:59:8:80:7":8,"f:89:16:89:27":2,"b:90:2:90:Infinity:undefined:undefined:undefined:undefined":9,"s:90:2:90:Infinity":4,"s:90:16:90:Infinity":5,"s:92:2:130:Infinity":6,"b:111:7:111:Infinity:112:8:128:Infinity":10,"f:138:16:138:29":3,"b:139:2:139:Infinity:undefined:undefined:undefined:undefined":11,"s:139:2:139:Infinity":7,"s:139:16:139:Infinity":8,"s:141:2:179:Infinity":9,"b:160:7:160:Infinity:161:8:177:Infinity":12},"fnNames":{}}}
,"C:\\Users\\USER\\Documents\\FINAL DOC ADI PAGE\\src\\admin\\components\\FormField.jsx": {"path":"C:\\Users\\USER\\Documents\\FINAL DOC ADI PAGE\\src\\admin\\components\\FormField.jsx","statementMap":{"0":{"start":{"line":5,"column":2},"end":{"line":21,"column":null}},"1":{"start":{"line":26,"column":2},"end":{"line":34,"column":null}},"2":{"start":{"line":39,"column":2},"end":{"line":55,"column":null}},"3":{"start":{"line":49,"column":14},"end":{"line":51,"column":null}},"4":{"start":{"line":60,"column":2},"end":{"line":68,"column":null}},"5":{"start":{"line":73,"column":2},"end":{"line":83,"column":null}}},"fnMap":{"0":{"name":"FormField","decl":{"start":{"line":4,"column":16},"end":{"line":4,"column":26}},"loc":{"start":{"line":4,"column":70},"end":{"line":23,"column":null}},"line":4},"1":{"name":"FormInput","decl":{"start":{"line":25,"column":16},"end":{"line":25,"column":26}},"loc":{"start":{"line":25,"column":70},"end":{"line":36,"column":null}},"line":25},"2":{"name":"FormSelect","decl":{"start":{"line":38,"column":16},"end":{"line":38,"column":27}},"loc":{"start":{"line":38,"column":95},"end":{"line":57,"column":null}},"line":38},"3":{"name":"(anonymous_3)","decl":{"start":{"line":48,"column":20},"end":{"line":48,"column":25}},"loc":{"start":{"line":49,"column":14},"end":{"line":51,"column":null}},"line":49},"4":{"name":"FormTextarea","decl":{"start":{"line":59,"column":16},"end":{"line":59,"column":29}},"loc":{"start":{"line":59,"column":73},"end":{"line":70,"column":null}},"line":59},"5":{"name":"FormCheckbox","decl":{"start":{"line":72,"column":16},"end":{"line":72,"column":29}},"loc":{"start":{"line":72,"column":63},"end":{"line":85,"column":null}},"line":72}},"branchMap":{"0":{"loc":{"start":{"line":7,"column":7},"end":{"line":11,"column":null}},"type":"binary-expr","locations":[{"start":{"line":7,"column":7},"end":{"line":7,"column":null}},{"start":{"line":8,"column":8},"end":{"line":11,"column":null}}],"line":7},"1":{"loc":{"start":{"line":10,"column":11},"end":{"line":11,"column":null}},"type":"binary-expr","locations":[{"start":{"line":10,"column":11},"end":{"line":10,"column":23}},{"start":{"line":10,"column":23},"end":{"line":11,"column":null}}],"line":10},"2":{"loc":{"start":{"line":14,"column":7},"end":{"line":18,"column":null}},"type":"binary-expr","locations":[{"start":{"line":14,"column":7},"end":{"line":14,"column":null}},{"start":{"line":15,"column":8},"end":{"line":18,"column":null}}],"line":14},"3":{"loc":{"start":{"line":20,"column":7},"end":{"line":20,"column":null}},"type":"binary-expr","locations":[{"start":{"line":20,"column":7},"end":{"line":20,"column":15}},{"start":{"line":20,"column":15},"end":{"line":20,"column":25}},{"start":{"line":20,"column":25},"end":{"line":20,"column":null}}],"line":20},"4":{"loc":{"start":{"line":31,"column":10},"end":{"line":31,"column":null}},"type":"cond-expr","locations":[{"start":{"line":31,"column":18},"end":{"line":31,"column":58}},{"start":{"line":31,"column":58},"end":{"line":31,"column":null}}],"line":31},"5":{"loc":{"start":{"line":38,"column":69},"end":{"line":38,"column":83}},"type":"default-arg","locations":[{"start":{"line":38,"column":79},"end":{"line":38,"column":83}}],"line":38},"6":{"loc":{"start":{"line":44,"column":10},"end":{"line":44,"column":null}},"type":"cond-expr","locations":[{"start":{"line":44,"column":18},"end":{"line":44,"column":58}},{"start":{"line":44,"column":58},"end":{"line":44,"column":null}}],"line":44},"7":{"loc":{"start":{"line":47,"column":9},"end":{"line":53,"column":null}},"type":"cond-expr","locations":[{"start":{"line":48,"column":12},"end":{"line":52,"column":null}},{"start":{"line":53,"column":12},"end":{"line":53,"column":null}}],"line":47},"8":{"loc":{"start":{"line":65,"column":10},"end":{"line":65,"column":null}},"type":"cond-expr","locations":[{"start":{"line":65,"column":18},"end":{"line":65,"column":58}},{"start":{"line":65,"column":58},"end":{"line":65,"column":null}}],"line":65},"9":{"loc":{"start":{"line":81,"column":9},"end":{"line":82,"column":null}},"type":"binary-expr","locations":[{"start":{"line":81,"column":9},"end":{"line":81,"column":18}},{"start":{"line":81,"column":18},"end":{"line":82,"column":null}}],"line":81}},"s":{"0":0,"1":0,"2":0,"3":0,"4":0,"5":0},"f":{"0":0,"1":0,"2":0,"3":0,"4":0,"5":0},"b":{"0":[0,0],"1":[0,0],"2":[0,0],"3":[0,0,0],"4":[0,0],"5":[0],"6":[0,0],"7":[0,0],"8":[0,0],"9":[0,0]},"meta":{"lastBranch":10,"lastFunction":6,"lastStatement":6,"seen":{"f:4:16:4:26":0,"s:5:2:21:Infinity":0,"b:7:7:7:Infinity:8:8:11:Infinity":0,"b:10:11:10:23:10:23:11:Infinity":1,"b:14:7:14:Infinity:15:8:18:Infinity":2,"b:20:7:20:15:20:15:20:25:20:25:20:Infinity":3,"f:25:16:25:26":1,"s:26:2:34:Infinity":1,"b:31:18:31:58:31:58:31:Infinity":4,"f:38:16:38:27":2,"b:38:79:38:83":5,"s:39:2:55:Infinity":2,"b:44:18:44:58:44:58:44:Infinity":6,"b:48:12:52:Infinity:53:12:53:Infinity":7,"f:48:20:48:25":3,"s:49:14:51:Infinity":3,"f:59:16:59:29":4,"s:60:2:68:Infinity":4,"b:65:18:65:58:65:58:65:Infinity":8,"f:72:16:72:29":5,"s:73:2:83:Infinity":5,"b:81:9:81:18:81:18:82:Infinity":9},"fnNames":{}}}
,"C:\\Users\\USER\\Documents\\FINAL DOC ADI PAGE\\src\\admin\\components\\LoadingState.jsx": {"path":"C:\\Users\\USER\\Documents\\FINAL DOC ADI PAGE\\src\\admin\\components\\LoadingState.jsx","statementMap":{"0":{"start":{"line":4,"column":22},"end":{"line":8,"column":null}},"1":{"start":{"line":10,"column":2},"end":{"line":14,"column":null}},"2":{"start":{"line":19,"column":2},"end":{"line":31,"column":null}},"3":{"start":{"line":22,"column":8},"end":{"line":29,"column":null}},"4":{"start":{"line":24,"column":12},"end":{"line":27,"column":null}}},"fnMap":{"0":{"name":"LoadingSpinner","decl":{"start":{"line":3,"column":16},"end":{"line":3,"column":31}},"loc":{"start":{"line":3,"column":69},"end":{"line":16,"column":null}},"line":3},"1":{"name":"SkeletonLoader","decl":{"start":{"line":18,"column":16},"end":{"line":18,"column":31}},"loc":{"start":{"line":18,"column":58},"end":{"line":33,"column":null}},"line":18},"2":{"name":"(anonymous_2)","decl":{"start":{"line":21,"column":36},"end":{"line":21,"column":41}},"loc":{"start":{"line":22,"column":8},"end":{"line":29,"column":null}},"line":22},"3":{"name":"(anonymous_3)","decl":{"start":{"line":23,"column":43},"end":{"line":23,"column":48}},"loc":{"start":{"line":24,"column":12},"end":{"line":27,"column":null}},"line":24}},"branchMap":{"0":{"loc":{"start":{"line":3,"column":33},"end":{"line":3,"column":46}},"type":"default-arg","locations":[{"start":{"line":3,"column":40},"end":{"line":3,"column":46}}],"line":3},"1":{"loc":{"start":{"line":3,"column":46},"end":{"line":3,"column":69}},"type":"default-arg","locations":[{"start":{"line":3,"column":53},"end":{"line":3,"column":69}}],"line":3},"2":{"loc":{"start":{"line":13,"column":7},"end":{"line":14,"column":null}},"type":"binary-expr","locations":[{"start":{"line":13,"column":7},"end":{"line":13,"column":15}},{"start":{"line":13,"column":15},"end":{"line":14,"column":null}}],"line":13},"3":{"loc":{"start":{"line":18,"column":33},"end":{"line":18,"column":43}},"type":"default-arg","locations":[{"start":{"line":18,"column":40},"end":{"line":18,"column":43}}],"line":18},"4":{"loc":{"start":{"line":18,"column":43},"end":{"line":18,"column":58}},"type":"default-arg","locations":[{"start":{"line":18,"column":53},"end":{"line":18,"column":58}}],"line":18}},"s":{"0":0,"1":0,"2":0,"3":0,"4":0},"f":{"0":0,"1":0,"2":0,"3":0},"b":{"0":[0],"1":[0],"2":[0,0],"3":[0],"4":[0]},"meta":{"lastBranch":5,"lastFunction":4,"lastStatement":5,"seen":{"f:3:16:3:31":0,"b:3:40:3:46":0,"b:3:53:3:69":1,"s:4:22:8:Infinity":0,"s:10:2:14:Infinity":1,"b:13:7:13:15:13:15:14:Infinity":2,"f:18:16:18:31":1,"b:18:40:18:43":3,"b:18:53:18:58":4,"s:19:2:31:Infinity":2,"f:21:36:21:41":2,"s:22:8:29:Infinity":3,"f:23:43:23:48":3,"s:24:12:27:Infinity":4},"fnNames":{}}}
,"C:\\Users\\USER\\Documents\\FINAL DOC ADI PAGE\\src\\admin\\components\\Modal.jsx": {"path":"C:\\Users\\USER\\Documents\\FINAL DOC ADI PAGE\\src\\admin\\components\\Modal.jsx","statementMap":{"0":{"start":{"line":5,"column":2},"end":{"line":5,"column":null}},"1":{"start":{"line":5,"column":15},"end":{"line":5,"column":null}},"2":{"start":{"line":7,"column":22},"end":{"line":13,"column":null}},"3":{"start":{"line":15,"column":2},"end":{"line":37,"column":null}}},"fnMap":{"0":{"name":"Modal","decl":{"start":{"line":4,"column":16},"end":{"line":4,"column":22}},"loc":{"start":{"line":4,"column":93},"end":{"line":39,"column":null}},"line":4}},"branchMap":{"0":{"loc":{"start":{"line":4,"column":58},"end":{"line":4,"column":71}},"type":"default-arg","locations":[{"start":{"line":4,"column":65},"end":{"line":4,"column":71}}],"line":4},"1":{"loc":{"start":{"line":4,"column":71},"end":{"line":4,"column":93}},"type":"default-arg","locations":[{"start":{"line":4,"column":85},"end":{"line":4,"column":93}}],"line":4},"2":{"loc":{"start":{"line":5,"column":2},"end":{"line":5,"column":null}},"type":"if","locations":[{"start":{"line":5,"column":2},"end":{"line":5,"column":null}},{"start":{},"end":{}}],"line":5},"3":{"loc":{"start":{"line":23,"column":11},"end":{"line":32,"column":null}},"type":"binary-expr","locations":[{"start":{"line":23,"column":11},"end":{"line":23,"column":null}},{"start":{"line":24,"column":12},"end":{"line":32,"column":null}}],"line":23}},"s":{"0":0,"1":0,"2":0,"3":0},"f":{"0":0},"b":{"0":[0],"1":[0],"2":[0,0],"3":[0,0]},"meta":{"lastBranch":4,"lastFunction":1,"lastStatement":4,"seen":{"f:4:16:4:22":0,"b:4:65:4:71":0,"b:4:85:4:93":1,"b:5:2:5:Infinity:undefined:undefined:undefined:undefined":2,"s:5:2:5:Infinity":0,"s:5:15:5:Infinity":1,"s:7:22:13:Infinity":2,"s:15:2:37:Infinity":3,"b:23:11:23:Infinity:24:12:32:Infinity":3},"fnNames":{}}}
,"C:\\Users\\USER\\Documents\\FINAL DOC ADI PAGE\\src\\admin\\components\\Pagination.jsx": {"path":"C:\\Users\\USER\\Documents\\FINAL DOC ADI PAGE\\src\\admin\\components\\Pagination.jsx","statementMap":{"0":{"start":{"line":5,"column":16},"end":{"line":5,"column":null}},"1":{"start":{"line":6,"column":21},"end":{"line":6,"column":null}},"2":{"start":{"line":7,"column":18},"end":{"line":7,"column":null}},"3":{"start":{"line":8,"column":16},"end":{"line":8,"column":null}},"4":{"start":{"line":10,"column":2},"end":{"line":12,"column":null}},"5":{"start":{"line":11,"column":4},"end":{"line":11,"column":null}},"6":{"start":{"line":14,"column":2},"end":{"line":16,"column":null}},"7":{"start":{"line":14,"column":15},"end":{"line":14,"column":26}},"8":{"start":{"line":15,"column":4},"end":{"line":15,"column":null}},"9":{"start":{"line":18,"column":2},"end":{"line":80,"column":null}},"10":{"start":{"line":27,"column":25},"end":{"line":27,"column":null}},"11":{"start":{"line":37,"column":29},"end":{"line":37,"column":null}},"12":{"start":{"line":47,"column":10},"end":{"line":57,"column":null}},"13":{"start":{"line":49,"column":27},"end":{"line":49,"column":null}},"14":{"start":{"line":64,"column":29},"end":{"line":64,"column":null}},"15":{"start":{"line":73,"column":25},"end":{"line":73,"column":null}}},"fnMap":{"0":{"name":"Pagination","decl":{"start":{"line":4,"column":16},"end":{"line":4,"column":27}},"loc":{"start":{"line":4,"column":105},"end":{"line":82,"column":null}},"line":4},"1":{"name":"(anonymous_1)","decl":{"start":{"line":27,"column":10},"end":{"line":27,"column":25}},"loc":{"start":{"line":27,"column":25},"end":{"line":27,"column":null}},"line":27},"2":{"name":"(anonymous_2)","decl":{"start":{"line":37,"column":14},"end":{"line":37,"column":29}},"loc":{"start":{"line":37,"column":29},"end":{"line":37,"column":null}},"line":37},"3":{"name":"(anonymous_3)","decl":{"start":{"line":46,"column":15},"end":{"line":46,"column":20}},"loc":{"start":{"line":47,"column":10},"end":{"line":57,"column":null}},"line":47},"4":{"name":"(anonymous_4)","decl":{"start":{"line":49,"column":12},"end":{"line":49,"column":27}},"loc":{"start":{"line":49,"column":27},"end":{"line":49,"column":null}},"line":49},"5":{"name":"(anonymous_5)","decl":{"start":{"line":64,"column":14},"end":{"line":64,"column":29}},"loc":{"start":{"line":64,"column":29},"end":{"line":64,"column":null}},"line":64},"6":{"name":"(anonymous_6)","decl":{"start":{"line":73,"column":10},"end":{"line":73,"column":25}},"loc":{"start":{"line":73,"column":25},"end":{"line":73,"column":null}},"line":73}},"branchMap":{"0":{"loc":{"start":{"line":4,"column":68},"end":{"line":4,"column":87}},"type":"default-arg","locations":[{"start":{"line":4,"column":83},"end":{"line":4,"column":87}}],"line":4},"1":{"loc":{"start":{"line":4,"column":87},"end":{"line":4,"column":105}},"type":"default-arg","locations":[{"start":{"line":4,"column":100},"end":{"line":4,"column":105}}],"line":4},"2":{"loc":{"start":{"line":10,"column":2},"end":{"line":12,"column":null}},"type":"if","locations":[{"start":{"line":10,"column":2},"end":{"line":12,"column":null}},{"start":{},"end":{}}],"line":10},"3":{"loc":{"start":{"line":34,"column":9},"end":{"line":43,"column":null}},"type":"binary-expr","locations":[{"start":{"line":34,"column":9},"end":{"line":34,"column":null}},{"start":{"line":35,"column":10},"end":{"line":43,"column":null}}],"line":34},"4":{"loc":{"start":{"line":42,"column":13},"end":{"line":43,"column":null}},"type":"binary-expr","locations":[{"start":{"line":42,"column":13},"end":{"line":42,"column":30}},{"start":{"line":42,"column":30},"end":{"line":43,"column":null}}],"line":42},"5":{"loc":{"start":{"line":51,"column":14},"end":{"line":53,"column":null}},"type":"cond-expr","locations":[{"start":{"line":52,"column":18},"end":{"line":52,"column":null}},{"start":{"line":53,"column":18},"end":{"line":53,"column":null}}],"line":51},"6":{"loc":{"start":{"line":60,"column":9},"end":{"line":69,"column":null}},"type":"binary-expr","locations":[{"start":{"line":60,"column":9},"end":{"line":60,"column":null}},{"start":{"line":61,"column":10},"end":{"line":69,"column":null}}],"line":60},"7":{"loc":{"start":{"line":62,"column":13},"end":{"line":63,"column":13}},"type":"binary-expr","locations":[{"start":{"line":62,"column":13},"end":{"line":62,"column":41}},{"start":{"line":62,"column":41},"end":{"line":63,"column":13}}],"line":62}},"s":{"0":0,"1":0,"2":0,"3":0,"4":0,"5":0,"6":0,"7":0,"8":0,"9":0,"10":0,"11":0,"12":0,"13":0,"14":0,"15":0},"f":{"0":0,"1":0,"2":0,"3":0,"4":0,"5":0,"6":0},"b":{"0":[0],"1":[0],"2":[0,0],"3":[0,0],"4":[0,0],"5":[0,0],"6":[0,0],"7":[0,0]},"meta":{"lastBranch":8,"lastFunction":7,"lastStatement":16,"seen":{"f:4:16:4:27":0,"b:4:83:4:87":0,"b:4:100:4:105":1,"s:5:16:5:Infinity":0,"s:6:21:6:Infinity":1,"s:7:18:7:Infinity":2,"s:8:16:8:Infinity":3,"b:10:2:12:Infinity:undefined:undefined:undefined:undefined":2,"s:10:2:12:Infinity":4,"s:11:4:11:Infinity":5,"s:14:2:16:Infinity":6,"s:14:15:14:26":7,"s:15:4:15:Infinity":8,"s:18:2:80:Infinity":9,"f:27:10:27:25":1,"s:27:25:27:Infinity":10,"b:34:9:34:Infinity:35:10:43:Infinity":3,"f:37:14:37:29":2,"s:37:29:37:Infinity":11,"b:42:13:42:30:42:30:43:Infinity":4,"f:46:15:46:20":3,"s:47:10:57:Infinity":12,"f:49:12:49:27":4,"s:49:27:49:Infinity":13,"b:52:18:52:Infinity:53:18:53:Infinity":5,"b:60:9:60:Infinity:61:10:69:Infinity":6,"b:62:13:62:41:62:41:63:13":7,"f:64:14:64:29":5,"s:64:29:64:Infinity":14,"f:73:10:73:25":6,"s:73:25:73:Infinity":15},"fnNames":{}}}
,"C:\\Users\\USER\\Documents\\FINAL DOC ADI PAGE\\src\\admin\\components\\SearchBar.jsx": {"path":"C:\\Users\\USER\\Documents\\FINAL DOC ADI PAGE\\src\\admin\\components\\SearchBar.jsx","statementMap":{"0":{"start":{"line":5,"column":2},"end":{"line":24,"column":null}},"1":{"start":{"line":12,"column":25},"end":{"line":12,"column":null}},"2":{"start":{"line":17,"column":25},"end":{"line":17,"column":null}}},"fnMap":{"0":{"name":"SearchBar","decl":{"start":{"line":4,"column":16},"end":{"line":4,"column":26}},"loc":{"start":{"line":4,"column":97},"end":{"line":26,"column":null}},"line":4},"1":{"name":"(anonymous_1)","decl":{"start":{"line":12,"column":8},"end":{"line":12,"column":19}},"loc":{"start":{"line":12,"column":25},"end":{"line":12,"column":null}},"line":12},"2":{"name":"(anonymous_2)","decl":{"start":{"line":17,"column":10},"end":{"line":17,"column":25}},"loc":{"start":{"line":17,"column":25},"end":{"line":17,"column":null}},"line":17}},"branchMap":{"0":{"loc":{"start":{"line":4,"column":28},"end":{"line":4,"column":55}},"type":"default-arg","locations":[{"start":{"line":4,"column":42},"end":{"line":4,"column":55}}],"line":4},"1":{"loc":{"start":{"line":4,"column":65},"end":{"line":4,"column":77}},"type":"default-arg","locations":[{"start":{"line":4,"column":73},"end":{"line":4,"column":77}}],"line":4},"2":{"loc":{"start":{"line":4,"column":77},"end":{"line":4,"column":97}},"type":"default-arg","locations":[{"start":{"line":4,"column":89},"end":{"line":4,"column":97}}],"line":4},"3":{"loc":{"start":{"line":15,"column":7},"end":{"line":22,"column":null}},"type":"binary-expr","locations":[{"start":{"line":15,"column":7},"end":{"line":15,"column":20}},{"start":{"line":15,"column":20},"end":{"line":15,"column":null}},{"start":{"line":16,"column":8},"end":{"line":22,"column":null}}],"line":15}},"s":{"0":0,"1":0,"2":0},"f":{"0":0,"1":0,"2":0},"b":{"0":[0],"1":[0],"2":[0],"3":[0,0,0]},"meta":{"lastBranch":4,"lastFunction":3,"lastStatement":3,"seen":{"f:4:16:4:26":0,"b:4:42:4:55":0,"b:4:73:4:77":1,"b:4:89:4:97":2,"s:5:2:24:Infinity":0,"f:12:8:12:19":1,"s:12:25:12:Infinity":1,"b:15:7:15:20:15:20:15:Infinity:16:8:22:Infinity":3,"f:17:10:17:25":2,"s:17:25:17:Infinity":2},"fnNames":{}}}
,"C:\\Users\\USER\\Documents\\FINAL DOC ADI PAGE\\src\\admin\\components\\SetupNotice.jsx": {"path":"C:\\Users\\USER\\Documents\\FINAL DOC ADI PAGE\\src\\admin\\components\\SetupNotice.jsx","statementMap":{"0":{"start":{"line":9,"column":8},"end":{"line":11,"column":null}},"1":{"start":{"line":10,"column":4},"end":{"line":10,"column":null}},"2":{"start":{"line":13,"column":2},"end":{"line":175,"column":null}}},"fnMap":{"0":{"name":"SetupNotice","decl":{"start":{"line":8,"column":9},"end":{"line":8,"column":23}},"loc":{"start":{"line":8,"column":23},"end":{"line":177,"column":null}},"line":8},"1":{"name":"(anonymous_1)","decl":{"start":{"line":9,"column":8},"end":{"line":9,"column":30}},"loc":{"start":{"line":9,"column":30},"end":{"line":11,"column":null}},"line":9}},"branchMap":{},"s":{"0":0,"1":0,"2":0},"f":{"0":0,"1":0},"b":{},"meta":{"lastBranch":0,"lastFunction":2,"lastStatement":3,"seen":{"f:8:9:8:23":0,"s:9:8:11:Infinity":0,"f:9:8:9:30":1,"s:10:4:10:Infinity":1,"s:13:2:175:Infinity":2},"fnNames":{}}}
,"C:\\Users\\USER\\Documents\\FINAL DOC ADI PAGE\\src\\admin\\components\\Sidebar.jsx": {"path":"C:\\Users\\USER\\Documents\\FINAL DOC ADI PAGE\\src\\admin\\components\\Sidebar.jsx","statementMap":{"0":{"start":{"line":24,"column":19},"end":{"line":24,"column":31}},"1":{"start":{"line":25,"column":19},"end":{"line":25,"column":31}},"2":{"start":{"line":26,"column":22},"end":{"line":26,"column":35}},"3":{"start":{"line":27,"column":42},"end":{"line":27,"column":null}},"4":{"start":{"line":30,"column":18},"end":{"line":40,"column":null}},"5":{"start":{"line":42,"column":8},"end":{"line":42,"column":null}},"6":{"start":{"line":42,"column":29},"end":{"line":42,"column":null}},"7":{"start":{"line":44,"column":23},"end":{"line":51,"column":null}},"8":{"start":{"line":45,"column":4},"end":{"line":45,"column":null}},"9":{"start":{"line":46,"column":22},"end":{"line":46,"column":null}},"10":{"start":{"line":47,"column":4},"end":{"line":49,"column":null}},"11":{"start":{"line":48,"column":6},"end":{"line":48,"column":null}},"12":{"start":{"line":50,"column":4},"end":{"line":50,"column":null}},"13":{"start":{"line":53,"column":2},"end":{"line":129,"column":null}},"14":{"start":{"line":93,"column":27},"end":{"line":93,"column":null}},"15":{"start":{"line":94,"column":14},"end":{"line":109,"column":null}},"16":{"start":{"line":98,"column":20},"end":{"line":98,"column":null}},"17":{"start":{"line":99,"column":20},"end":{"line":99,"column":null}}},"fnMap":{"0":{"name":"Sidebar","decl":{"start":{"line":23,"column":16},"end":{"line":23,"column":24}},"loc":{"start":{"line":23,"column":45},"end":{"line":131,"column":null}},"line":23},"1":{"name":"(anonymous_1)","decl":{"start":{"line":42,"column":8},"end":{"line":42,"column":20}},"loc":{"start":{"line":42,"column":29},"end":{"line":42,"column":null}},"line":42},"2":{"name":"(anonymous_2)","decl":{"start":{"line":44,"column":23},"end":{"line":44,"column":35}},"loc":{"start":{"line":44,"column":35},"end":{"line":51,"column":null}},"line":44},"3":{"name":"(anonymous_3)","decl":{"start":{"line":92,"column":26},"end":{"line":92,"column":31}},"loc":{"start":{"line":92,"column":40},"end":{"line":111,"column":13}},"line":92},"4":{"name":"(anonymous_4)","decl":{"start":{"line":97,"column":18},"end":{"line":97,"column":33}},"loc":{"start":{"line":97,"column":33},"end":{"line":100,"column":null}},"line":97}},"branchMap":{"0":{"loc":{"start":{"line":47,"column":4},"end":{"line":49,"column":null}},"type":"if","locations":[{"start":{"line":47,"column":4},"end":{"line":49,"column":null}},{"start":{},"end":{}}],"line":47},"1":{"loc":{"start":{"line":56,"column":7},"end":{"line":64,"column":7}},"type":"binary-expr","locations":[{"start":{"line":56,"column":7},"end":{"line":56,"column":null}},{"start":{"line":57,"column":8},"end":{"line":64,"column":7}}],"line":56},"2":{"loc":{"start":{"line":66,"column":10},"end":{"line":66,"column":null}},"type":"cond-expr","locations":[{"start":{"line":66,"column":19},"end":{"line":66,"column":37}},{"start":{"line":66,"column":37},"end":{"line":66,"column":null}}],"line":66},"3":{"loc":{"start":{"line":102,"column":20},"end":{"line":104,"column":null}},"type":"cond-expr","locations":[{"start":{"line":103,"column":24},"end":{"line":103,"column":null}},{"start":{"line":104,"column":24},"end":{"line":104,"column":null}}],"line":102},"4":{"loc":{"start":{"line":107,"column":19},"end":{"line":108,"column":19}},"type":"binary-expr","locations":[{"start":{"line":107,"column":19},"end":{"line":107,"column":27}},{"start":{"line":107,"column":27},"end":{"line":108,"column":19}}],"line":107},"5":{"loc":{"start":{"line":124,"column":15},"end":{"line":124,"column":null}},"type":"cond-expr","locations":[{"start":{"line":124,"column":30},"end":{"line":124,"column":49}},{"start":{"line":124,"column":49},"end":{"line":124,"column":null}}],"line":124}},"s":{"0":0,"1":0,"2":0,"3":0,"4":0,"5":0,"6":0,"7":0,"8":0,"9":0,"10":0,"11":0,"12":0,"13":0,"14":0,"15":0,"16":0,"17":0},"f":{"0":0,"1":0,"2":0,"3":0,"4":0},"b":{"0":[0,0],"1":[0,0],"2":[0,0],"3":[0,0],"4":[0,0],"5":[0,0]},"meta":{"lastBranch":6,"lastFunction":5,"lastStatement":18,"seen":{"f:23:16:23:24":0,"s:24:19:24:31":0,"s:25:19:25:31":1,"s:26:22:26:35":2,"s:27:42:27:Infinity":3,"s:30:18:40:Infinity":4,"s:42:8:42:Infinity":5,"f:42:8:42:20":1,"s:42:29:42:Infinity":6,"s:44:23:51:Infinity":7,"f:44:23:44:35":2,"s:45:4:45:Infinity":8,"s:46:22:46:Infinity":9,"b:47:4:49:Infinity:undefined:undefined:undefined:undefined":0,"s:47:4:49:Infinity":10,"s:48:6:48:Infinity":11,"s:50:4:50:Infinity":12,"s:53:2:129:Infinity":13,"b:56:7:56:Infinity:57:8:64:7":1,"b:66:19:66:37:66:37:66:Infinity":2,"f:92:26:92:31":3,"s:93:27:93:Infinity":14,"s:94:14:109:Infinity":15,"f:97:18:97:33":4,"s:98:20:98:Infinity":16,"s:99:20:99:Infinity":17,"b:103:24:103:Infinity:104:24:104:Infinity":3,"b:107:19:107:27:107:27:108:19":4,"b:124:30:124:49:124:49:124:Infinity":5},"fnNames":{}}}
,"C:\\Users\\USER\\Documents\\FINAL DOC ADI PAGE\\src\\admin\\components\\TableComponents.jsx": {"path":"C:\\Users\\USER\\Documents\\FINAL DOC ADI PAGE\\src\\admin\\components\\TableComponents.jsx","statementMap":{"0":{"start":{"line":8,"column":2},"end":{"line":29,"column":null}},"1":{"start":{"line":12,"column":10},"end":{"line":23,"column":null}},"2":{"start":{"line":15,"column":27},"end":{"line":15,"column":null}},"3":{"start":{"line":36,"column":24},"end":{"line":75,"column":null}},"4":{"start":{"line":37,"column":2},"end":{"line":73,"column":null}},"5":{"start":{"line":40,"column":8},"end":{"line":42,"column":null}},"6":{"start":{"line":47,"column":27},"end":{"line":47,"column":null}},"7":{"start":{"line":56,"column":27},"end":{"line":56,"column":null}},"8":{"start":{"line":65,"column":27},"end":{"line":65,"column":null}},"9":{"start":{"line":81,"column":2},"end":{"line":87,"column":null}},"10":{"start":{"line":82,"column":4},"end":{"line":85,"column":null}},"11":{"start":{"line":89,"column":2},"end":{"line":95,"column":null}},"12":{"start":{"line":90,"column":4},"end":{"line":93,"column":null}},"13":{"start":{"line":97,"column":2},"end":{"line":114,"column":null}},"14":{"start":{"line":103,"column":12},"end":{"line":110,"column":null}},"15":{"start":{"line":122,"column":2},"end":{"line":148,"column":null}},"16":{"start":{"line":138,"column":12},"end":{"line":140,"column":null}},"17":{"start":{"line":156,"column":23},"end":{"line":163,"column":null}},"18":{"start":{"line":165,"column":2},"end":{"line":168,"column":null}},"19":{"start":{"line":176,"column":2},"end":{"line":190,"column":null}},"20":{"start":{"line":198,"column":2},"end":{"line":234,"column":null}},"21":{"start":{"line":201,"column":8},"end":{"line":224,"column":null}},"22":{"start":{"line":206,"column":31},"end":{"line":206,"column":null}},"23":{"start":{"line":210,"column":16},"end":{"line":212,"column":null}},"24":{"start":{"line":219,"column":31},"end":{"line":219,"column":null}}},"fnMap":{"0":{"name":"TableHeader","decl":{"start":{"line":7,"column":16},"end":{"line":7,"column":28}},"loc":{"start":{"line":7,"column":68},"end":{"line":31,"column":null}},"line":7},"1":{"name":"(anonymous_1)","decl":{"start":{"line":11,"column":17},"end":{"line":11,"column":22}},"loc":{"start":{"line":12,"column":10},"end":{"line":23,"column":null}},"line":12},"2":{"name":"(anonymous_2)","decl":{"start":{"line":15,"column":12},"end":{"line":15,"column":27}},"loc":{"start":{"line":15,"column":27},"end":{"line":15,"column":null}},"line":15},"3":{"name":"TableRow","decl":{"start":{"line":36,"column":38},"end":{"line":36,"column":47}},"loc":{"start":{"line":36,"column":92},"end":{"line":75,"column":1}},"line":36},"4":{"name":"(anonymous_4)","decl":{"start":{"line":39,"column":15},"end":{"line":39,"column":20}},"loc":{"start":{"line":40,"column":8},"end":{"line":42,"column":null}},"line":40},"5":{"name":"(anonymous_5)","decl":{"start":{"line":47,"column":12},"end":{"line":47,"column":27}},"loc":{"start":{"line":47,"column":27},"end":{"line":47,"column":null}},"line":47},"6":{"name":"(anonymous_6)","decl":{"start":{"line":56,"column":12},"end":{"line":56,"column":27}},"loc":{"start":{"line":56,"column":27},"end":{"line":56,"column":null}},"line":56},"7":{"name":"(anonymous_7)","decl":{"start":{"line":65,"column":12},"end":{"line":65,"column":27}},"loc":{"start":{"line":65,"column":27},"end":{"line":65,"column":null}},"line":65},"8":{"name":"DataTable","decl":{"start":{"line":80,"column":16},"end":{"line":80,"column":26}},"loc":{"start":{"line":80,"column":88},"end":{"line":116,"column":null}},"line":80},"9":{"name":"(anonymous_9)","decl":{"start":{"line":102,"column":16},"end":{"line":102,"column":21}},"loc":{"start":{"line":103,"column":12},"end":{"line":110,"column":null}},"line":103},"10":{"name":"ListCard","decl":{"start":{"line":121,"column":16},"end":{"line":121,"column":25}},"loc":{"start":{"line":121,"column":89},"end":{"line":150,"column":null}},"line":121},"11":{"name":"(anonymous_11)","decl":{"start":{"line":137,"column":16},"end":{"line":137,"column":21}},"loc":{"start":{"line":138,"column":12},"end":{"line":140,"column":null}},"line":138},"12":{"name":"StatusBadge","decl":{"start":{"line":155,"column":16},"end":{"line":155,"column":28}},"loc":{"start":{"line":155,"column":40},"end":{"line":170,"column":null}},"line":155},"13":{"name":"PageHeader","decl":{"start":{"line":175,"column":16},"end":{"line":175,"column":27}},"loc":{"start":{"line":175,"column":81},"end":{"line":192,"column":null}},"line":175},"14":{"name":"FilterBar","decl":{"start":{"line":197,"column":16},"end":{"line":197,"column":26}},"loc":{"start":{"line":197,"column":64},"end":{"line":236,"column":null}},"line":197},"15":{"name":"(anonymous_15)","decl":{"start":{"line":200,"column":15},"end":{"line":200,"column":20}},"loc":{"start":{"line":201,"column":8},"end":{"line":224,"column":null}},"line":201},"16":{"name":"(anonymous_16)","decl":{"start":{"line":206,"column":14},"end":{"line":206,"column":25}},"loc":{"start":{"line":206,"column":31},"end":{"line":206,"column":null}},"line":206},"17":{"name":"(anonymous_17)","decl":{"start":{"line":209,"column":30},"end":{"line":209,"column":35}},"loc":{"start":{"line":210,"column":16},"end":{"line":212,"column":null}},"line":210},"18":{"name":"(anonymous_18)","decl":{"start":{"line":219,"column":14},"end":{"line":219,"column":25}},"loc":{"start":{"line":219,"column":31},"end":{"line":219,"column":null}},"line":219}},"branchMap":{"0":{"loc":{"start":{"line":15,"column":27},"end":{"line":15,"column":null}},"type":"binary-expr","locations":[{"start":{"line":15,"column":27},"end":{"line":15,"column":37}},{"start":{"line":15,"column":37},"end":{"line":15,"column":null}}],"line":15},"1":{"loc":{"start":{"line":19,"column":15},"end":{"line":22,"column":null}},"type":"binary-expr","locations":[{"start":{"line":19,"column":15},"end":{"line":19,"column":null}},{"start":{"line":20,"column":16},"end":{"line":22,"column":null}}],"line":19},"2":{"loc":{"start":{"line":20,"column":16},"end":{"line":22,"column":null}},"type":"cond-expr","locations":[{"start":{"line":20,"column":38},"end":{"line":20,"column":65}},{"start":{"line":20,"column":64},"end":{"line":22,"column":null}}],"line":20},"3":{"loc":{"start":{"line":41,"column":11},"end":{"line":41,"column":null}},"type":"cond-expr","locations":[{"start":{"line":41,"column":24},"end":{"line":41,"column":43}},{"start":{"line":41,"column":43},"end":{"line":41,"column":null}}],"line":41},"4":{"loc":{"start":{"line":45,"column":9},"end":{"line":52,"column":null}},"type":"binary-expr","locations":[{"start":{"line":45,"column":9},"end":{"line":45,"column":null}},{"start":{"line":46,"column":10},"end":{"line":52,"column":null}}],"line":45},"5":{"loc":{"start":{"line":54,"column":9},"end":{"line":61,"column":null}},"type":"binary-expr","locations":[{"start":{"line":54,"column":9},"end":{"line":54,"column":null}},{"start":{"line":55,"column":10},"end":{"line":61,"column":null}}],"line":54},"6":{"loc":{"start":{"line":63,"column":9},"end":{"line":70,"column":null}},"type":"binary-expr","locations":[{"start":{"line":63,"column":9},"end":{"line":63,"column":null}},{"start":{"line":64,"column":10},"end":{"line":70,"column":null}}],"line":63},"7":{"loc":{"start":{"line":80,"column":69},"end":{"line":80,"column":88}},"type":"default-arg","locations":[{"start":{"line":80,"column":79},"end":{"line":80,"column":88}}],"line":80},"8":{"loc":{"start":{"line":81,"column":2},"end":{"line":87,"column":null}},"type":"if","locations":[{"start":{"line":81,"column":2},"end":{"line":87,"column":null}},{"start":{},"end":{}}],"line":81},"9":{"loc":{"start":{"line":89,"column":2},"end":{"line":95,"column":null}},"type":"if","locations":[{"start":{"line":89,"column":2},"end":{"line":95,"column":null}},{"start":{},"end":{}}],"line":89},"10":{"loc":{"start":{"line":89,"column":6},"end":{"line":89,"column":34}},"type":"binary-expr","locations":[{"start":{"line":89,"column":6},"end":{"line":89,"column":15}},{"start":{"line":89,"column":15},"end":{"line":89,"column":34}}],"line":89},"11":{"loc":{"start":{"line":104,"column":19},"end":{"line":104,"column":null}},"type":"binary-expr","locations":[{"start":{"line":104,"column":19},"end":{"line":104,"column":30}},{"start":{"line":104,"column":30},"end":{"line":104,"column":null}}],"line":104},"12":{"loc":{"start":{"line":121,"column":60},"end":{"line":121,"column":89}},"type":"default-arg","locations":[{"start":{"line":121,"column":76},"end":{"line":121,"column":89}}],"line":121},"13":{"loc":{"start":{"line":126,"column":9},"end":{"line":134,"column":null}},"type":"binary-expr","locations":[{"start":{"line":126,"column":9},"end":{"line":126,"column":null}},{"start":{"line":127,"column":10},"end":{"line":134,"column":null}}],"line":126},"14":{"loc":{"start":{"line":136,"column":9},"end":{"line":145,"column":null}},"type":"cond-expr","locations":[{"start":{"line":137,"column":10},"end":{"line":141,"column":null}},{"start":{"line":143,"column":10},"end":{"line":145,"column":null}}],"line":136},"15":{"loc":{"start":{"line":136,"column":9},"end":{"line":136,"column":null}},"type":"binary-expr","locations":[{"start":{"line":136,"column":9},"end":{"line":136,"column":18}},{"start":{"line":136,"column":18},"end":{"line":136,"column":null}}],"line":136},"16":{"loc":{"start":{"line":138,"column":22},"end":{"line":138,"column":38}},"type":"binary-expr","locations":[{"start":{"line":138,"column":22},"end":{"line":138,"column":33}},{"start":{"line":138,"column":33},"end":{"line":138,"column":38}}],"line":138},"17":{"loc":{"start":{"line":166,"column":92},"end":{"line":166,"column":null}},"type":"binary-expr","locations":[{"start":{"line":166,"column":92},"end":{"line":166,"column":116}},{"start":{"line":166,"column":116},"end":{"line":166,"column":null}}],"line":166},"18":{"loc":{"start":{"line":175,"column":54},"end":{"line":175,"column":81}},"type":"default-arg","locations":[{"start":{"line":175,"column":68},"end":{"line":175,"column":81}}],"line":175},"19":{"loc":{"start":{"line":180,"column":9},"end":{"line":181,"column":null}},"type":"binary-expr","locations":[{"start":{"line":180,"column":9},"end":{"line":180,"column":21}},{"start":{"line":180,"column":21},"end":{"line":181,"column":null}}],"line":180},"20":{"loc":{"start":{"line":182,"column":7},"end":{"line":190,"column":null}},"type":"binary-expr","locations":[{"start":{"line":182,"column":7},"end":{"line":182,"column":null}},{"start":{"line":183,"column":8},"end":{"line":190,"column":null}}],"line":182},"21":{"loc":{"start":{"line":203,"column":11},"end":{"line":224,"column":null}},"type":"cond-expr","locations":[{"start":{"line":204,"column":12},"end":{"line":216,"column":13}},{"start":{"line":216,"column":12},"end":{"line":224,"column":null}}],"line":203},"22":{"loc":{"start":{"line":205,"column":21},"end":{"line":205,"column":null}},"type":"binary-expr","locations":[{"start":{"line":205,"column":21},"end":{"line":205,"column":37}},{"start":{"line":205,"column":37},"end":{"line":205,"column":null}}],"line":205},"23":{"loc":{"start":{"line":217,"column":20},"end":{"line":217,"column":null}},"type":"binary-expr","locations":[{"start":{"line":217,"column":20},"end":{"line":217,"column":35}},{"start":{"line":217,"column":35},"end":{"line":217,"column":null}}],"line":217},"24":{"loc":{"start":{"line":218,"column":21},"end":{"line":218,"column":null}},"type":"binary-expr","locations":[{"start":{"line":218,"column":21},"end":{"line":218,"column":37}},{"start":{"line":218,"column":37},"end":{"line":218,"column":null}}],"line":218},"25":{"loc":{"start":{"line":226,"column":7},"end":{"line":234,"column":null}},"type":"binary-expr","locations":[{"start":{"line":226,"column":7},"end":{"line":226,"column":null}},{"start":{"line":227,"column":8},"end":{"line":234,"column":null}}],"line":226}},"s":{"0":0,"1":0,"2":0,"3":0,"4":0,"5":0,"6":0,"7":0,"8":0,"9":0,"10":0,"11":0,"12":0,"13":0,"14":0,"15":0,"16":0,"17":0,"18":0,"19":0,"20":0,"21":0,"22":0,"23":0,"24":0},"f":{"0":0,"1":0,"2":0,"3":0,"4":0,"5":0,"6":0,"7":0,"8":0,"9":0,"10":0,"11":0,"12":0,"13":0,"14":0,"15":0,"16":0,"17":0,"18":0},"b":{"0":[0,0],"1":[0,0],"2":[0,0],"3":[0,0],"4":[0,0],"5":[0,0],"6":[0,0],"7":[0],"8":[0,0],"9":[0,0],"10":[0,0],"11":[0,0],"12":[0],"13":[0,0],"14":[0,0],"15":[0,0],"16":[0,0],"17":[0,0],"18":[0],"19":[0,0],"20":[0,0],"21":[0,0],"22":[0,0],"23":[0,0],"24":[0,0],"25":[0,0]},"meta":{"lastBranch":26,"lastFunction":19,"lastStatement":25,"seen":{"f:7:16:7:28":0,"s:8:2:29:Infinity":0,"f:11:17:11:22":1,"s:12:10:23:Infinity":1,"f:15:12:15:27":2,"s:15:27:15:Infinity":2,"b:15:27:15:37:15:37:15:Infinity":0,"b:19:15:19:Infinity:20:16:22:Infinity":1,"b:20:38:20:65:20:64:22:Infinity":2,"s:36:24:75:Infinity":3,"f:36:38:36:47":3,"s:37:2:73:Infinity":4,"f:39:15:39:20":4,"s:40:8:42:Infinity":5,"b:41:24:41:43:41:43:41:Infinity":3,"b:45:9:45:Infinity:46:10:52:Infinity":4,"f:47:12:47:27":5,"s:47:27:47:Infinity":6,"b:54:9:54:Infinity:55:10:61:Infinity":5,"f:56:12:56:27":6,"s:56:27:56:Infinity":7,"b:63:9:63:Infinity:64:10:70:Infinity":6,"f:65:12:65:27":7,"s:65:27:65:Infinity":8,"f:80:16:80:26":8,"b:80:79:80:88":7,"b:81:2:87:Infinity:undefined:undefined:undefined:undefined":8,"s:81:2:87:Infinity":9,"s:82:4:85:Infinity":10,"b:89:2:95:Infinity:undefined:undefined:undefined:undefined":9,"s:89:2:95:Infinity":11,"b:89:6:89:15:89:15:89:34":10,"s:90:4:93:Infinity":12,"s:97:2:114:Infinity":13,"f:102:16:102:21":9,"s:103:12:110:Infinity":14,"b:104:19:104:30:104:30:104:Infinity":11,"f:121:16:121:25":10,"b:121:76:121:89":12,"s:122:2:148:Infinity":15,"b:126:9:126:Infinity:127:10:134:Infinity":13,"b:137:10:141:Infinity:143:10:145:Infinity":14,"b:136:9:136:18:136:18:136:Infinity":15,"f:137:16:137:21":11,"s:138:12:140:Infinity":16,"b:138:22:138:33:138:33:138:38":16,"f:155:16:155:28":12,"s:156:23:163:Infinity":17,"s:165:2:168:Infinity":18,"b:166:92:166:116:166:116:166:Infinity":17,"f:175:16:175:27":13,"b:175:68:175:81":18,"s:176:2:190:Infinity":19,"b:180:9:180:21:180:21:181:Infinity":19,"b:182:7:182:Infinity:183:8:190:Infinity":20,"f:197:16:197:26":14,"s:198:2:234:Infinity":20,"f:200:15:200:20":15,"s:201:8:224:Infinity":21,"b:204:12:216:13:216:12:224:Infinity":21,"b:205:21:205:37:205:37:205:Infinity":22,"f:206:14:206:25":16,"s:206:31:206:Infinity":22,"f:209:30:209:35":17,"s:210:16:212:Infinity":23,"b:217:20:217:35:217:35:217:Infinity":23,"b:218:21:218:37:218:37:218:Infinity":24,"f:219:14:219:25":18,"s:219:31:219:Infinity":24,"b:226:7:226:Infinity:227:8:234:Infinity":25},"fnNames":{}}}
,"C:\\Users\\USER\\Documents\\FINAL DOC ADI PAGE\\src\\admin\\components\\Topbar.jsx": {"path":"C:\\Users\\USER\\Documents\\FINAL DOC ADI PAGE\\src\\admin\\components\\Topbar.jsx","statementMap":{"0":{"start":{"line":11,"column":28},"end":{"line":11,"column":41}},"1":{"start":{"line":12,"column":19},"end":{"line":12,"column":31}},"2":{"start":{"line":13,"column":44},"end":{"line":13,"column":null}},"3":{"start":{"line":14,"column":42},"end":{"line":14,"column":null}},"4":{"start":{"line":16,"column":23},"end":{"line":23,"column":null}},"5":{"start":{"line":17,"column":4},"end":{"line":17,"column":null}},"6":{"start":{"line":18,"column":22},"end":{"line":18,"column":null}},"7":{"start":{"line":19,"column":4},"end":{"line":21,"column":null}},"8":{"start":{"line":20,"column":6},"end":{"line":20,"column":null}},"9":{"start":{"line":22,"column":4},"end":{"line":22,"column":null}},"10":{"start":{"line":25,"column":2},"end":{"line":141,"column":null}},"11":{"start":{"line":55,"column":29},"end":{"line":55,"column":null}},"12":{"start":{"line":93,"column":20},"end":{"line":93,"column":null}},"13":{"start":{"line":94,"column":20},"end":{"line":94,"column":null}},"14":{"start":{"line":103,"column":20},"end":{"line":103,"column":null}},"15":{"start":{"line":104,"column":20},"end":{"line":104,"column":null}},"16":{"start":{"line":113,"column":20},"end":{"line":113,"column":null}},"17":{"start":{"line":114,"column":20},"end":{"line":114,"column":null}},"18":{"start":{"line":127,"column":20},"end":{"line":127,"column":null}},"19":{"start":{"line":128,"column":20},"end":{"line":128,"column":null}}},"fnMap":{"0":{"name":"Topbar","decl":{"start":{"line":10,"column":16},"end":{"line":10,"column":23}},"loc":{"start":{"line":10,"column":57},"end":{"line":143,"column":null}},"line":10},"1":{"name":"(anonymous_1)","decl":{"start":{"line":16,"column":23},"end":{"line":16,"column":35}},"loc":{"start":{"line":16,"column":35},"end":{"line":23,"column":null}},"line":16},"2":{"name":"(anonymous_2)","decl":{"start":{"line":55,"column":14},"end":{"line":55,"column":29}},"loc":{"start":{"line":55,"column":29},"end":{"line":55,"column":null}},"line":55},"3":{"name":"(anonymous_3)","decl":{"start":{"line":92,"column":18},"end":{"line":92,"column":33}},"loc":{"start":{"line":92,"column":33},"end":{"line":95,"column":null}},"line":92},"4":{"name":"(anonymous_4)","decl":{"start":{"line":102,"column":18},"end":{"line":102,"column":33}},"loc":{"start":{"line":102,"column":33},"end":{"line":105,"column":null}},"line":102},"5":{"name":"(anonymous_5)","decl":{"start":{"line":112,"column":18},"end":{"line":112,"column":33}},"loc":{"start":{"line":112,"column":33},"end":{"line":115,"column":null}},"line":112},"6":{"name":"(anonymous_6)","decl":{"start":{"line":126,"column":18},"end":{"line":126,"column":33}},"loc":{"start":{"line":126,"column":33},"end":{"line":129,"column":null}},"line":126}},"branchMap":{"0":{"loc":{"start":{"line":19,"column":4},"end":{"line":21,"column":null}},"type":"if","locations":[{"start":{"line":19,"column":4},"end":{"line":21,"column":null}},{"start":{},"end":{}}],"line":19},"1":{"loc":{"start":{"line":34,"column":11},"end":{"line":37,"column":null}},"type":"cond-expr","locations":[{"start":{"line":35,"column":12},"end":{"line":37,"column":13}},{"start":{"line":37,"column":12},"end":{"line":37,"column":null}}],"line":34},"2":{"loc":{"start":{"line":60,"column":17},"end":{"line":60,"column":null}},"type":"binary-expr","locations":[{"start":{"line":60,"column":17},"end":{"line":60,"column":52}},{"start":{"line":60,"column":52},"end":{"line":60,"column":null}}],"line":60},"3":{"loc":{"start":{"line":67,"column":21},"end":{"line":67,"column":null}},"type":"binary-expr","locations":[{"start":{"line":67,"column":21},"end":{"line":67,"column":55}},{"start":{"line":67,"column":55},"end":{"line":67,"column":70}},{"start":{"line":67,"column":70},"end":{"line":67,"column":null}}],"line":67},"4":{"loc":{"start":{"line":73,"column":20},"end":{"line":73,"column":null}},"type":"cond-expr","locations":[{"start":{"line":73,"column":36},"end":{"line":73,"column":51}},{"start":{"line":73,"column":51},"end":{"line":73,"column":null}}],"line":73},"5":{"loc":{"start":{"line":80,"column":13},"end":{"line":138,"column":null}},"type":"binary-expr","locations":[{"start":{"line":80,"column":13},"end":{"line":80,"column":null}},{"start":{"line":81,"column":14},"end":{"line":138,"column":null}}],"line":80},"6":{"loc":{"start":{"line":85,"column":21},"end":{"line":85,"column":null}},"type":"binary-expr","locations":[{"start":{"line":85,"column":21},"end":{"line":85,"column":55}},{"start":{"line":85,"column":55},"end":{"line":85,"column":70}},{"start":{"line":85,"column":70},"end":{"line":85,"column":null}}],"line":85},"7":{"loc":{"start":{"line":134,"column":19},"end":{"line":134,"column":null}},"type":"cond-expr","locations":[{"start":{"line":134,"column":34},"end":{"line":134,"column":53}},{"start":{"line":134,"column":53},"end":{"line":134,"column":null}}],"line":134}},"s":{"0":0,"1":0,"2":0,"3":0,"4":0,"5":0,"6":0,"7":0,"8":0,"9":0,"10":0,"11":0,"12":0,"13":0,"14":0,"15":0,"16":0,"17":0,"18":0,"19":0},"f":{"0":0,"1":0,"2":0,"3":0,"4":0,"5":0,"6":0},"b":{"0":[0,0],"1":[0,0],"2":[0,0],"3":[0,0,0],"4":[0,0],"5":[0,0],"6":[0,0,0],"7":[0,0]},"meta":{"lastBranch":8,"lastFunction":7,"lastStatement":20,"seen":{"f:10:16:10:23":0,"s:11:28:11:41":0,"s:12:19:12:31":1,"s:13:44:13:Infinity":2,"s:14:42:14:Infinity":3,"s:16:23:23:Infinity":4,"f:16:23:16:35":1,"s:17:4:17:Infinity":5,"s:18:22:18:Infinity":6,"b:19:4:21:Infinity:undefined:undefined:undefined:undefined":0,"s:19:4:21:Infinity":7,"s:20:6:20:Infinity":8,"s:22:4:22:Infinity":9,"s:25:2:141:Infinity":10,"b:35:12:37:13:37:12:37:Infinity":1,"f:55:14:55:29":2,"s:55:29:55:Infinity":11,"b:60:17:60:52:60:52:60:Infinity":2,"b:67:21:67:55:67:55:67:70:67:70:67:Infinity":3,"b:73:36:73:51:73:51:73:Infinity":4,"b:80:13:80:Infinity:81:14:138:Infinity":5,"b:85:21:85:55:85:55:85:70:85:70:85:Infinity":6,"f:92:18:92:33":3,"s:93:20:93:Infinity":12,"s:94:20:94:Infinity":13,"f:102:18:102:33":4,"s:103:20:103:Infinity":14,"s:104:20:104:Infinity":15,"f:112:18:112:33":5,"s:113:20:113:Infinity":16,"s:114:20:114:Infinity":17,"f:126:18:126:33":6,"s:127:20:127:Infinity":18,"s:128:20:128:Infinity":19,"b:134:34:134:53:134:53:134:Infinity":7},"fnNames":{}}}
,"C:\\Users\\USER\\Documents\\FINAL DOC ADI PAGE\\src\\admin\\components\\index.js": {"path":"C:\\Users\\USER\\Documents\\FINAL DOC ADI PAGE\\src\\admin\\components\\index.js","statementMap":{},"fnMap":{},"branchMap":{},"s":{},"f":{},"b":{},"meta":{"lastBranch":0,"lastFunction":0,"lastStatement":0,"seen":{},"fnNames":{}}}
,"C:\\Users\\USER\\Documents\\FINAL DOC ADI PAGE\\src\\admin\\components\\events\\DeleteEventModal.jsx": {"path":"C:\\Users\\USER\\Documents\\FINAL DOC ADI PAGE\\src\\admin\\components\\events\\DeleteEventModal.jsx","statementMap":{"0":{"start":{"line":4,"column":2},"end":{"line":7,"column":null}}},"fnMap":{"0":{"name":"DeleteEventModal","decl":{"start":{"line":3,"column":16},"end":{"line":3,"column":35}},"loc":{"start":{"line":3,"column":35},"end":{"line":9,"column":null}},"line":3}},"branchMap":{},"s":{"0":0},"f":{"0":0},"b":{},"meta":{"lastBranch":0,"lastFunction":1,"lastStatement":1,"seen":{"f:3:16:3:35":0,"s:4:2:7:Infinity":0},"fnNames":{}}}
,"C:\\Users\\USER\\Documents\\FINAL DOC ADI PAGE\\src\\admin\\components\\events\\EmptyState.jsx": {"path":"C:\\Users\\USER\\Documents\\FINAL DOC ADI PAGE\\src\\admin\\components\\events\\EmptyState.jsx","statementMap":{"0":{"start":{"line":4,"column":2},"end":{"line":16,"column":null}}},"fnMap":{"0":{"name":"EmptyState","decl":{"start":{"line":3,"column":16},"end":{"line":3,"column":27}},"loc":{"start":{"line":3,"column":74},"end":{"line":18,"column":null}},"line":3}},"branchMap":{"0":{"loc":{"start":{"line":8,"column":7},"end":{"line":14,"column":null}},"type":"binary-expr","locations":[{"start":{"line":8,"column":7},"end":{"line":8,"column":null}},{"start":{"line":9,"column":8},"end":{"line":14,"column":null}}],"line":8}},"s":{"0":0},"f":{"0":0},"b":{"0":[0,0]},"meta":{"lastBranch":1,"lastFunction":1,"lastStatement":1,"seen":{"f:3:16:3:27":0,"s:4:2:16:Infinity":0,"b:8:7:8:Infinity:9:8:14:Infinity":0},"fnNames":{}}}
,"C:\\Users\\USER\\Documents\\FINAL DOC ADI PAGE\\src\\admin\\components\\events\\EventFilters.jsx": {"path":"C:\\Users\\USER\\Documents\\FINAL DOC ADI PAGE\\src\\admin\\components\\events\\EventFilters.jsx","statementMap":{"0":{"start":{"line":4,"column":2},"end":{"line":7,"column":null}}},"fnMap":{"0":{"name":"EventFilters","decl":{"start":{"line":3,"column":16},"end":{"line":3,"column":31}},"loc":{"start":{"line":3,"column":31},"end":{"line":9,"column":null}},"line":3}},"branchMap":{},"s":{"0":0},"f":{"0":0},"b":{},"meta":{"lastBranch":0,"lastFunction":1,"lastStatement":1,"seen":{"f:3:16:3:31":0,"s:4:2:7:Infinity":0},"fnNames":{}}}
,"C:\\Users\\USER\\Documents\\FINAL DOC ADI PAGE\\src\\admin\\components\\events\\EventForm.jsx": {"path":"C:\\Users\\USER\\Documents\\FINAL DOC ADI PAGE\\src\\admin\\components\\events\\EventForm.jsx","statementMap":{"0":{"start":{"line":18,"column":2},"end":{"line":136,"column":null}}},"fnMap":{"0":{"name":"EventForm","decl":{"start":{"line":4,"column":16},"end":{"line":4,"column":26}},"loc":{"start":{"line":17,"column":3},"end":{"line":138,"column":null}},"line":17}},"branchMap":{"0":{"loc":{"start":{"line":14,"column":2},"end":{"line":14,"column":null}},"type":"default-arg","locations":[{"start":{"line":14,"column":16},"end":{"line":14,"column":null}}],"line":14},"1":{"loc":{"start":{"line":27,"column":17},"end":{"line":27,"column":null}},"type":"binary-expr","locations":[{"start":{"line":27,"column":17},"end":{"line":27,"column":34}},{"start":{"line":27,"column":34},"end":{"line":27,"column":null}}],"line":27},"2":{"loc":{"start":{"line":48,"column":15},"end":{"line":48,"column":null}},"type":"binary-expr","locations":[{"start":{"line":48,"column":15},"end":{"line":48,"column":38}},{"start":{"line":48,"column":38},"end":{"line":48,"column":null}}],"line":48},"3":{"loc":{"start":{"line":60,"column":17},"end":{"line":60,"column":null}},"type":"binary-expr","locations":[{"start":{"line":60,"column":17},"end":{"line":60,"column":33}},{"start":{"line":60,"column":33},"end":{"line":60,"column":null}}],"line":60},"4":{"loc":{"start":{"line":70,"column":17},"end":{"line":70,"column":null}},"type":"binary-expr","locations":[{"start":{"line":70,"column":17},"end":{"line":70,"column":33}},{"start":{"line":70,"column":33},"end":{"line":70,"column":null}}],"line":70},"5":{"loc":{"start":{"line":81,"column":17},"end":{"line":81,"column":null}},"type":"binary-expr","locations":[{"start":{"line":81,"column":17},"end":{"line":81,"column":37}},{"start":{"line":81,"column":37},"end":{"line":81,"column":null}}],"line":81},"6":{"loc":{"start":{"line":92,"column":15},"end":{"line":92,"column":null}},"type":"binary-expr","locations":[{"start":{"line":92,"column":15},"end":{"line":92,"column":35}},{"start":{"line":92,"column":35},"end":{"line":92,"column":null}}],"line":92},"7":{"loc":{"start":{"line":119,"column":9},"end":{"line":128,"column":9}},"type":"binary-expr","locations":[{"start":{"line":119,"column":9},"end":{"line":119,"column":null}},{"start":{"line":120,"column":10},"end":{"line":128,"column":9}}],"line":119}},"s":{"0":0},"f":{"0":0},"b":{"0":[0],"1":[0,0],"2":[0,0],"3":[0,0],"4":[0,0],"5":[0,0],"6":[0,0],"7":[0,0]},"meta":{"lastBranch":8,"lastFunction":1,"lastStatement":1,"seen":{"f:4:16:4:26":0,"b:14:16:14:Infinity":0,"s:18:2:136:Infinity":0,"b:27:17:27:34:27:34:27:Infinity":1,"b:48:15:48:38:48:38:48:Infinity":2,"b:60:17:60:33:60:33:60:Infinity":3,"b:70:17:70:33:70:33:70:Infinity":4,"b:81:17:81:37:81:37:81:Infinity":5,"b:92:15:92:35:92:35:92:Infinity":6,"b:119:9:119:Infinity:120:10:128:9":7},"fnNames":{}}}
,"C:\\Users\\USER\\Documents\\FINAL DOC ADI PAGE\\src\\admin\\components\\events\\EventImageUploader.jsx": {"path":"C:\\Users\\USER\\Documents\\FINAL DOC ADI PAGE\\src\\admin\\components\\events\\EventImageUploader.jsx","statementMap":{"0":{"start":{"line":5,"column":2},"end":{"line":43,"column":null}},"1":{"start":{"line":20,"column":27},"end":{"line":20,"column":null}},"2":{"start":{"line":21,"column":14},"end":{"line":21,"column":null}},"3":{"start":{"line":32,"column":27},"end":{"line":32,"column":null}}},"fnMap":{"0":{"name":"EventImageUploader","decl":{"start":{"line":4,"column":16},"end":{"line":4,"column":35}},"loc":{"start":{"line":4,"column":75},"end":{"line":45,"column":null}},"line":4},"1":{"name":"(anonymous_1)","decl":{"start":{"line":19,"column":12},"end":{"line":19,"column":23}},"loc":{"start":{"line":19,"column":33},"end":{"line":22,"column":null}},"line":19},"2":{"name":"(anonymous_2)","decl":{"start":{"line":32,"column":12},"end":{"line":32,"column":27}},"loc":{"start":{"line":32,"column":27},"end":{"line":32,"column":null}},"line":32}},"branchMap":{"0":{"loc":{"start":{"line":20,"column":27},"end":{"line":20,"column":null}},"type":"binary-expr","locations":[{"start":{"line":20,"column":27},"end":{"line":20,"column":54}},{"start":{"line":20,"column":54},"end":{"line":20,"column":null}}],"line":20},"1":{"loc":{"start":{"line":27,"column":7},"end":{"line":43,"column":null}},"type":"cond-expr","locations":[{"start":{"line":28,"column":8},"end":{"line":39,"column":9}},{"start":{"line":39,"column":8},"end":{"line":43,"column":null}}],"line":27},"2":{"loc":{"start":{"line":29,"column":37},"end":{"line":29,"column":73}},"type":"binary-expr","locations":[{"start":{"line":29,"column":37},"end":{"line":29,"column":49}},{"start":{"line":29,"column":49},"end":{"line":29,"column":73}}],"line":29}},"s":{"0":0,"1":0,"2":0,"3":0},"f":{"0":0,"1":0,"2":0},"b":{"0":[0,0],"1":[0,0],"2":[0,0]},"meta":{"lastBranch":3,"lastFunction":3,"lastStatement":4,"seen":{"f:4:16:4:35":0,"s:5:2:43:Infinity":0,"f:19:12:19:23":1,"s:20:27:20:Infinity":1,"b:20:27:20:54:20:54:20:Infinity":0,"s:21:14:21:Infinity":2,"b:28:8:39:9:39:8:43:Infinity":1,"b:29:37:29:49:29:49:29:73":2,"f:32:12:32:27":2,"s:32:27:32:Infinity":3},"fnNames":{}}}
,"C:\\Users\\USER\\Documents\\FINAL DOC ADI PAGE\\src\\admin\\components\\events\\EventStats.jsx": {"path":"C:\\Users\\USER\\Documents\\FINAL DOC ADI PAGE\\src\\admin\\components\\events\\EventStats.jsx","statementMap":{"0":{"start":{"line":4,"column":2},"end":{"line":7,"column":null}}},"fnMap":{"0":{"name":"EventStats","decl":{"start":{"line":3,"column":16},"end":{"line":3,"column":29}},"loc":{"start":{"line":3,"column":29},"end":{"line":9,"column":null}},"line":3}},"branchMap":{},"s":{"0":0},"f":{"0":0},"b":{},"meta":{"lastBranch":0,"lastFunction":1,"lastStatement":1,"seen":{"f:3:16:3:29":0,"s:4:2:7:Infinity":0},"fnNames":{}}}
,"C:\\Users\\USER\\Documents\\FINAL DOC ADI PAGE\\src\\admin\\components\\events\\EventTable.jsx": {"path":"C:\\Users\\USER\\Documents\\FINAL DOC ADI PAGE\\src\\admin\\components\\events\\EventTable.jsx","statementMap":{"0":{"start":{"line":4,"column":2},"end":{"line":7,"column":null}}},"fnMap":{"0":{"name":"EventTable","decl":{"start":{"line":3,"column":16},"end":{"line":3,"column":29}},"loc":{"start":{"line":3,"column":29},"end":{"line":9,"column":null}},"line":3}},"branchMap":{},"s":{"0":0},"f":{"0":0},"b":{},"meta":{"lastBranch":0,"lastFunction":1,"lastStatement":1,"seen":{"f:3:16:3:29":0,"s:4:2:7:Infinity":0},"fnNames":{}}}
,"C:\\Users\\USER\\Documents\\FINAL DOC ADI PAGE\\src\\admin\\components\\events\\EventToolbar.jsx": {"path":"C:\\Users\\USER\\Documents\\FINAL DOC ADI PAGE\\src\\admin\\components\\events\\EventToolbar.jsx","statementMap":{"0":{"start":{"line":4,"column":2},"end":{"line":7,"column":null}}},"fnMap":{"0":{"name":"EventToolbar","decl":{"start":{"line":3,"column":16},"end":{"line":3,"column":31}},"loc":{"start":{"line":3,"column":31},"end":{"line":9,"column":null}},"line":3}},"branchMap":{},"s":{"0":0},"f":{"0":0},"b":{},"meta":{"lastBranch":0,"lastFunction":1,"lastStatement":1,"seen":{"f:3:16:3:31":0,"s:4:2:7:Infinity":0},"fnNames":{}}}
[...]
58":0,"59":0,"60":0,"61":0,"62":0,"63":0,"64":0,"65":0,"66":0,"67":0,"68":0,"69":0,"70":0,"71":0,"72":0,"73":0,"74":0,"75":0,"76":0,"77":0,"78":0,"79":0,"80":0,"81":0,"82":0,"83":0,"84":0,"85":0,"86":0,"87":0,"88":0,"89":0,"90":0,"91":0,"92":0,"93":0,"94":0,"95":0,"96":0,"97":0,"98":0,"99":0,"100":0,"101":0,"102":0,"103":0,"104":0},"f":{"0":0,"1":0,"2":0,"3":0,"4":0,"5":0,"6":0,"7":0,"8":0,"9":0,"10":0,"11":0,"12":0,"13":0,"14":0,"15":0,"16":0},"b":{"0":[0,0],"1":[0,0],"2":[0,0],"3":[0,0,0],"4":[0,0],"5":[0,0],"6":[0,0],"7":[0,0],"8":[0,0],"9":[0,0],"10":[0,0],"11":[0,0],"12":[0,0],"13":[0,0],"14":[0,0],"15":[0,0],"16":[0,0],"17":[0,0],"18":[0,0],"19":[0,0],"20":[0,0],"21":[0,0],"22":[0,0],"23":[0,0],"24":[0,0],"25":[0,0],"26":[0,0],"27":[0,0],"28":[0,0],"29":[0,0],"30":[0,0,0],"31":[0,0],"32":[0,0],"33":[0,0],"34":[0,0],"35":[0,0],"36":[0],"37":[0,0],"38":[0,0],"39":[0,0],"40":[0,0]},"meta":{"lastBranch":41,"lastFunction":17,"lastStatement":105,"seen":{"s:10:17:19:1":0,"f:10:17:10:18":0,"b:11:2:11:26:undefined:undefined:undefined:undefined":0,"s:11:2:11:26":1,"s:11:14:11:26":2,"s:13:2:18:4":3,"b:15:10:15:26:15:30:15:40":1,"b:16:10:16:26:16:30:16:40":2,"b:17:15:17:36:17:40:17:55:17:59:17:60":3,"s:21:18:21:81":4,"f:21:18:21:19":1,"s:21:31:21:80":5,"b:21:55:21:75:21:78:21:80":4,"s:24:19:85:1":6,"f:90:22:90:31":2,"s:91:2:110:3":7,"b:92:4:94:5:undefined:undefined:undefined:undefined":5,"s:92:4:94:5":8,"s:93:6:93:47":9,"s:96:28:99:48":10,"b:101:4:104:5:undefined:undefined:undefined:undefined":6,"s:101:4:104:5":11,"s:102:6:102:53":12,"s:103:6:103:80":13,"s:106:4:106:64":14,"b:106:29:106:33:106:37:106:47":7,"s:108:4:108:46":15,"s:109:4:109:65":16,"f:116:22:116:34":3,"s:117:2:137:3":17,"b:118:4:121:5:undefined:undefined:undefined:undefined":8,"s:118:4:121:5":18,"s:119:24:119:59":19,"f:119:40:119:41":4,"s:119:47:119:58":20,"s:120:6:120:46":21,"s:123:28:127:15":22,"b:129:4:131:5:undefined:undefined:undefined:undefined":9,"s:129:4:131:5":23,"s:130:6:130:63":24,"s:133:4:133:49":25,"s:135:4:135:49":26,"s:136:4:136:59":27,"f:143:22:143:33":5,"s:144:2:186:3":28,"b:145:4:155:5:undefined:undefined:undefined:undefined":10,"s:145:4:155:5":29,"s:146:23:152:7":30,"s:153:6:153:32":31,"s:154:6:154:45":32,"s:157:28:157:72":33,"s:158:28:158:110":34,"b:158:73:158:89:158:92:158:110":11,"s:160:26:170:5":35,"b:164:16:164:34:164:38:164:47":12,"b:165:37:165:63:165:66:165:67":13,"b:167:18:167:32:167:36:167:56":14,"b:168:18:168:32:168:36:168:56":15,"b:169:23:169:48:169:52:169:53":16,"s:172:28:176:15":36,"b:178:4:180:5:undefined:undefined:undefined:undefined":17,"s:178:4:180:5":37,"s:179:6:179:63":38,"s:182:4:182:49":39,"s:184:4:184:48":40,"s:185:4:185:59":41,"f:192:22:192:33":6,"s:193:2:234:3":42,"b:194:4:201:5:undefined:undefined:undefined:undefined":18,"s:194:4:201:5":43,"s:195:20:195:60":44,"f:195:41:195:42":7,"s:195:48:195:59":45,"b:196:6:199:7:undefined:undefined:undefined:undefined":19,"s:196:6:199:7":46,"s:197:8:197:105":47,"s:198:8:198:56":48,"s:200:6:200:67":49,"s:203:28:203:72":50,"s:204:28:204:110":51,"b:204:73:204:89:204:92:204:110":20,"s:206:26:217:5":52,"b:211:37:211:63:211:66:211:75":21,"b:213:18:213:32:213:36:213:56":22,"b:214:18:214:32:214:36:214:56":23,"b:215:23:215:48:215:52:215:71":24,"s:219:28:224:15":53,"b:226:4:228:5:undefined:undefined:undefined:undefined":25,"s:226:4:228:5":54,"s:227:6:227:63":55,"s:230:4:230:49":56,"s:232:4:232:48":57,"s:233:4:233:59":58,"f:240:22:240:33":8,"s:241:2:264:3":59,"b:242:4:249:5:undefined:undefined:undefined:undefined":26,"s:242:4:249:5":60,"s:243:20:243:60":61,"f:243:41:243:42":9,"s:243:48:243:59":62,"b:244:6:247:7:undefined:undefined:undefined:undefined":27,"s:244:6:247:7":63,"s:245:8:245:36":64,"s:246:8:246:31":65,"s:248:6:248:55":66,"s:251:22:254:19":67,"b:256:4:258:5:undefined:undefined:undefined:undefined":28,"s:256:4:258:5":68,"s:257:6:257:51":69,"s:260:4:260:27":70,"s:262:4:262:48":71,"s:263:4:263:47":72,"f:270:22:270:34":10,"s:271:2:300:3":73,"b:272:4:283:5:undefined:undefined:undefined:undefined":29,"s:272:4:283:5":74,"s:273:16:273:35":75,"s:274:6:282:8":76,"f:276:10:276:11":11,"s:277:12:279:48":77,"b:277:12:277:45:278:12:278:48:279:12:279:48":30,"s:285:28:290:7":78,"b:292:4:294:5:undefined:undefined:undefined:undefined":31,"s:292:4:294:5":79,"s:293:6:293:69":80,"s:296:4:296:64":81,"b:296:29:296:33:296:37:296:47":32,"s:298:4:298:49":82,"s:299:4:299:76":83,"f:306:22:306:41":12,"s:307:2:328:3":84,"b:308:4:313:5:undefined:undefined:undefined:undefined":33,"s:308:4:313:5":85,"s:309:6:312:8":86,"f:310:32:310:33":13,"s:310:39:310:62":87,"s:315:28:318:31":88,"b:320:4:322:5:undefined:undefined:undefined:undefined":34,"s:320:4:322:5":89,"s:321:6:321:69":90,"s:324:4:324:64":91,"b:324:29:324:33:324:37:324:47":35,"s:326:4:326:56":92,"s:327:4:327:76":93,"f:334:22:334:39":14,"b:334:48:334:49":36,"s:335:2:364:3":94,"b:336:4:346:5:undefined:undefined:undefined:undefined":37,"s:336:4:346:5":95,"s:337:6:345:8":96,"f:340:12:340:13":15,"s:340:19:340:88":97,"b:340:19:340:54:340:58:340:88":38,"f:342:16:342:17":16,"s:342:26:342:61":98,"s:348:28:354:19":99,"b:356:4:358:5:undefined:undefined:undefined:undefined":39,"s:356:4:358:5":100,"s:357:6:357:69":101,"s:360:4:360:64":102,"b:360:29:360:33:360:37:360:47":40,"s:362:4:362:54":103,"s:363:4:363:65":104},"fnNames":{}}}
,"C:\\Users\\USER\\Documents\\FINAL DOC ADI PAGE\\src\\utils\\adminData.js": {"path":"C:\\Users\\USER\\Documents\\FINAL DOC ADI PAGE\\src\\utils\\adminData.js","statementMap":{"0":{"start":{"line":2,"column":2},"end":{"line":2,"column":53}},"1":{"start":{"line":2,"column":37},"end":{"line":2,"column":53}},"2":{"start":{"line":3,"column":2},"end":{"line":11,"column":3}},"3":{"start":{"line":4,"column":19},"end":{"line":4,"column":51}},"4":{"start":{"line":5,"column":4},"end":{"line":5,"column":33}},"5":{"start":{"line":5,"column":17},"end":{"line":5,"column":33}},"6":{"start":{"line":6,"column":19},"end":{"line":6,"column":37}},"7":{"start":{"line":7,"column":4},"end":{"line":7,"column":53}},"8":{"start":{"line":9,"column":4},"end":{"line":9,"column":56}},"9":{"start":{"line":10,"column":4},"end":{"line":10,"column":20}},"10":{"start":{"line":15,"column":2},"end":{"line":15,"column":50}},"11":{"start":{"line":15,"column":37},"end":{"line":15,"column":50}},"12":{"start":{"line":16,"column":2},"end":{"line":16,"column":58}},"13":{"start":{"line":17,"column":2},"end":{"line":17,"column":15}},"14":{"start":{"line":21,"column":21},"end":{"line":21,"column":50}},"15":{"start":{"line":22,"column":19},"end":{"line":22,"column":101}},"16":{"start":{"line":23,"column":25},"end":{"line":23,"column":50}},"17":{"start":{"line":24,"column":2},"end":{"line":24,"column":38}},"18":{"start":{"line":25,"column":2},"end":{"line":25,"column":24}},"19":{"start":{"line":29,"column":21},"end":{"line":29,"column":50}},"20":{"start":{"line":30,"column":25},"end":{"line":30,"column":100}},"21":{"start":{"line":30,"column":51},"end":{"line":30,"column":98}},"22":{"start":{"line":31,"column":2},"end":{"line":31,"column":38}},"23":{"start":{"line":32,"column":2},"end":{"line":32,"column":24}},"24":{"start":{"line":36,"column":21},"end":{"line":36,"column":50}},"25":{"start":{"line":37,"column":25},"end":{"line":37,"column":68}},"26":{"start":{"line":37,"column":53},"end":{"line":37,"column":67}},"27":{"start":{"line":38,"column":2},"end":{"line":38,"column":38}},"28":{"start":{"line":39,"column":2},"end":{"line":39,"column":24}},"29":{"start":{"line":43,"column":2},"end":{"line":43,"column":27}},"30":{"start":{"line":43,"column":20},"end":{"line":43,"column":27}},"31":{"start":{"line":44,"column":18},"end":{"line":44,"column":38}},"32":{"start":{"line":45,"column":14},"end":{"line":45,"column":155}},"33":{"start":{"line":45,"column":55},"end":{"line":45,"column":142}},"34":{"start":{"line":45,"column":79},"end":{"line":45,"column":131}},"35":{"start":{"line":46,"column":15},"end":{"line":46,"column":67}},"36":{"start":{"line":47,"column":14},"end":{"line":47,"column":39}},"37":{"start":{"line":48,"column":15},"end":{"line":48,"column":42}},"38":{"start":{"line":49,"column":2},"end":{"line":49,"column":18}},"39":{"start":{"line":50,"column":2},"end":{"line":50,"column":27}},"40":{"start":{"line":51,"column":2},"end":{"line":51,"column":15}},"41":{"start":{"line":52,"column":2},"end":{"line":52,"column":27}},"42":{"start":{"line":56,"column":2},"end":{"line":60,"column":29}}},"fnMap":{"0":{"name":"loadCollection","decl":{"start":{"line":1,"column":16},"end":{"line":1,"column":30}},"loc":{"start":{"line":1,"column":51},"end":{"line":12,"column":1}},"line":1},"1":{"name":"saveCollection","decl":{"start":{"line":14,"column":16},"end":{"line":14,"column":30}},"loc":{"start":{"line":14,"column":43},"end":{"line":18,"column":1}},"line":14},"2":{"name":"createCollectionItem","decl":{"start":{"line":20,"column":16},"end":{"line":20,"column":36}},"loc":{"start":{"line":20,"column":63},"end":{"line":26,"column":1}},"line":20},"3":{"name":"updateCollectionItem","decl":{"start":{"line":28,"column":16},"end":{"line":28,"column":36}},"loc":{"start":{"line":28,"column":70},"end":{"line":33,"column":1}},"line":28},"4":{"name":"(anonymous_4)","decl":{"start":{"line":30,"column":40},"end":{"line":30,"column":41}},"loc":{"start":{"line":30,"column":51},"end":{"line":30,"column":98}},"line":30},"5":{"name":"deleteCollectionItem","decl":{"start":{"line":35,"column":16},"end":{"line":35,"column":36}},"loc":{"start":{"line":35,"column":61},"end":{"line":40,"column":1}},"line":35},"6":{"name":"(anonymous_6)","decl":{"start":{"line":37,"column":43},"end":{"line":37,"column":44}},"loc":{"start":{"line":37,"column":53},"end":{"line":37,"column":67}},"line":37},"7":{"name":"exportCsv","decl":{"start":{"line":42,"column":16},"end":{"line":42,"column":25}},"loc":{"start":{"line":42,"column":42},"end":{"line":53,"column":1}},"line":42},"8":{"name":"(anonymous_8)","decl":{"start":{"line":45,"column":46},"end":{"line":45,"column":47}},"loc":{"start":{"line":45,"column":55},"end":{"line":45,"column":142}},"line":45},"9":{"name":"(anonymous_9)","decl":{"start":{"line":45,"column":67},"end":{"line":45,"column":68}},"loc":{"start":{"line":45,"column":79},"end":{"line":45,"column":131}},"line":45},"10":{"name":"slugify","decl":{"start":{"line":55,"column":16},"end":{"line":55,"column":23}},"loc":{"start":{"line":55,"column":31},"end":{"line":61,"column":1}},"line":55}},"branchMap":{"0":{"loc":{"start":{"line":1,"column":36},"end":{"line":1,"column":49}},"type":"default-arg","locations":[{"start":{"line":1,"column":47},"end":{"line":1,"column":49}}],"line":1},"1":{"loc":{"start":{"line":2,"column":2},"end":{"line":2,"column":53}},"type":"if","locations":[{"start":{"line":2,"column":2},"end":{"line":2,"column":53}},{"start":{},"end":{}}],"line":2},"2":{"loc":{"start":{"line":5,"column":4},"end":{"line":5,"column":33}},"type":"if","locations":[{"start":{"line":5,"column":4},"end":{"line":5,"column":33}},{"start":{},"end":{}}],"line":5},"3":{"loc":{"start":{"line":7,"column":11},"end":{"line":7,"column":52}},"type":"cond-expr","locations":[{"start":{"line":7,"column":35},"end":{"line":7,"column":41}},{"start":{"line":7,"column":44},"end":{"line":7,"column":52}}],"line":7},"4":{"loc":{"start":{"line":15,"column":2},"end":{"line":15,"column":50}},"type":"if","locations":[{"start":{"line":15,"column":2},"end":{"line":15,"column":50}},{"start":{},"end":{}}],"line":15},"5":{"loc":{"start":{"line":20,"column":48},"end":{"line":20,"column":61}},"type":"default-arg","locations":[{"start":{"line":20,"column":59},"end":{"line":20,"column":61}}],"line":20},"6":{"loc":{"start":{"line":22,"column":34},"end":{"line":22,"column":99}},"type":"binary-expr","locations":[{"start":{"line":22,"column":34},"end":{"line":22,"column":41}},{"start":{"line":22,"column":45},"end":{"line":22,"column":99}}],"line":22},"7":{"loc":{"start":{"line":28,"column":55},"end":{"line":28,"column":68}},"type":"default-arg","locations":[{"start":{"line":28,"column":66},"end":{"line":28,"column":68}}],"line":28},"8":{"loc":{"start":{"line":30,"column":51},"end":{"line":30,"column":98}},"type":"cond-expr","locations":[{"start":{"line":30,"column":68},"end":{"line":30,"column":91}},{"start":{"line":30,"column":94},"end":{"line":30,"column":98}}],"line":30},"9":{"loc":{"start":{"line":35,"column":46},"end":{"line":35,"column":59}},"type":"default-arg","locations":[{"start":{"line":35,"column":57},"end":{"line":35,"column":59}}],"line":35},"10":{"loc":{"start":{"line":43,"column":2},"end":{"line":43,"column":27}},"type":"if","locations":[{"start":{"line":43,"column":2},"end":{"line":43,"column":27}},{"start":{},"end":{}}],"line":43},"11":{"loc":{"start":{"line":45,"column":90},"end":{"line":45,"column":107}},"type":"binary-expr","locations":[{"start":{"line":45,"column":90},"end":{"line":45,"column":101}},{"start":{"line":45,"column":105},"end":{"line":45,"column":107}}],"line":45}},"s":{"0":0,"1":0,"2":0,"3":0,"4":0,"5":0,"6":0,"7":0,"8":0,"9":0,"10":0,"11":0,"12":0,"13":0,"14":0,"15":0,"16":0,"17":0,"18":0,"19":0,"20":0,"21":0,"22":0,"23":0,"24":0,"25":0,"26":0,"27":0,"28":0,"29":0,"30":0,"31":0,"32":0,"33":0,"34":0,"35":0,"36":0,"37":0,"38":0,"39":0,"40":0,"41":0,"42":0},"f":{"0":0,"1":0,"2":0,"3":0,"4":0,"5":0,"6":0,"7":0,"8":0,"9":0,"10":0},"b":{"0":[0],"1":[0,0],"2":[0,0],"3":[0,0],"4":[0,0],"5":[0],"6":[0,0],"7":[0],"8":[0,0],"9":[0],"10":[0,0],"11":[0,0]},"meta":{"lastBranch":12,"lastFunction":11,"lastStatement":43,"seen":{"f:1:16:1:30":0,"b:1:47:1:49":0,"b:2:2:2:53:undefined:undefined:undefined:undefined":1,"s:2:2:2:53":0,"s:2:37:2:53":1,"s:3:2:11:3":2,"s:4:19:4:51":3,"b:5:4:5:33:undefined:undefined:undefined:undefined":2,"s:5:4:5:33":4,"s:5:17:5:33":5,"s:6:19:6:37":6,"s:7:4:7:53":7,"b:7:35:7:41:7:44:7:52":3,"s:9:4:9:56":8,"s:10:4:10:20":9,"f:14:16:14:30":1,"b:15:2:15:50:undefined:undefined:undefined:undefined":4,"s:15:2:15:50":10,"s:15:37:15:50":11,"s:16:2:16:58":12,"s:17:2:17:15":13,"f:20:16:20:36":2,"b:20:59:20:61":5,"s:21:21:21:50":14,"s:22:19:22:101":15,"b:22:34:22:41:22:45:22:99":6,"s:23:25:23:50":16,"s:24:2:24:38":17,"s:25:2:25:24":18,"f:28:16:28:36":3,"b:28:66:28:68":7,"s:29:21:29:50":19,"s:30:25:30:100":20,"f:30:40:30:41":4,"s:30:51:30:98":21,"b:30:68:30:91:30:94:30:98":8,"s:31:2:31:38":22,"s:32:2:32:24":23,"f:35:16:35:36":5,"b:35:57:35:59":9,"s:36:21:36:50":24,"s:37:25:37:68":25,"f:37:43:37:44":6,"s:37:53:37:67":26,"s:38:2:38:38":27,"s:39:2:39:24":28,"f:42:16:42:25":7,"b:43:2:43:27:undefined:undefined:undefined:undefined":10,"s:43:2:43:27":29,"s:43:20:43:27":30,"s:44:18:44:38":31,"s:45:14:45:155":32,"f:45:46:45:47":8,"s:45:55:45:142":33,"f:45:67:45:68":9,"s:45:79:45:131":34,"b:45:90:45:101:45:105:45:107":11,"s:46:15:46:67":35,"s:47:14:47:39":36,"s:48:15:48:42":37,"s:49:2:49:18":38,"s:50:2:50:27":39,"s:51:2:51:15":40,"s:52:2:52:27":41,"f:55:16:55:23":10,"s:56:2:60:29":42},"fnNames":{}}}
,"C:\\Users\\USER\\Documents\\FINAL DOC ADI PAGE\\src\\utils\\forms.js": {"path":"C:\\Users\\USER\\Documents\\FINAL DOC ADI PAGE\\src\\utils\\forms.js","statementMap":{"0":{"start":{"line":1,"column":32},"end":{"line":3,"column":1}},"1":{"start":{"line":2,"column":20},"end":{"line":2,"column":101}},"2":{"start":{"line":5,"column":29},"end":{"line":9,"column":1}},"3":{"start":{"line":6,"column":19},"end":{"line":6,"column":72}},"4":{"start":{"line":7,"column":20},"end":{"line":7,"column":101}},"5":{"start":{"line":8,"column":22},"end":{"line":8,"column":87}},"6":{"start":{"line":11,"column":31},"end":{"line":16,"column":1}},"7":{"start":{"line":12,"column":19},"end":{"line":12,"column":72}},"8":{"start":{"line":13,"column":20},"end":{"line":13,"column":101}},"9":{"start":{"line":14,"column":20},"end":{"line":14,"column":84}},"10":{"start":{"line":15,"column":22},"end":{"line":15,"column":94}}},"fnMap":{"0":{"name":"(anonymous_0)","decl":{"start":{"line":2,"column":9},"end":{"line":2,"column":10}},"loc":{"start":{"line":2,"column":20},"end":{"line":2,"column":101}},"line":2},"1":{"name":"(anonymous_1)","decl":{"start":{"line":6,"column":8},"end":{"line":6,"column":9}},"loc":{"start":{"line":6,"column":19},"end":{"line":6,"column":72}},"line":6},"2":{"name":"(anonymous_2)","decl":{"start":{"line":7,"column":9},"end":{"line":7,"column":10}},"loc":{"start":{"line":7,"column":20},"end":{"line":7,"column":101}},"line":7},"3":{"name":"(anonymous_3)","decl":{"start":{"line":8,"column":11},"end":{"line":8,"column":12}},"loc":{"start":{"line":8,"column":22},"end":{"line":8,"column":87}},"line":8},"4":{"name":"(anonymous_4)","decl":{"start":{"line":12,"column":8},"end":{"line":12,"column":9}},"loc":{"start":{"line":12,"column":19},"end":{"line":12,"column":72}},"line":12},"5":{"name":"(anonymous_5)","decl":{"start":{"line":13,"column":9},"end":{"line":13,"column":10}},"loc":{"start":{"line":13,"column":20},"end":{"line":13,"column":101}},"line":13},"6":{"name":"(anonymous_6)","decl":{"start":{"line":14,"column":9},"end":{"line":14,"column":10}},"loc":{"start":{"line":14,"column":20},"end":{"line":14,"column":84}},"line":14},"7":{"name":"(anonymous_7)","decl":{"start":{"line":15,"column":11},"end":{"line":15,"column":12}},"loc":{"start":{"line":15,"column":22},"end":{"line":15,"column":94}},"line":15}},"branchMap":{"0":{"loc":{"start":{"line":2,"column":20},"end":{"line":2,"column":101}},"type":"binary-expr","locations":[{"start":{"line":2,"column":20},"end":{"line":2,"column":60}},{"start":{"line":2,"column":64},"end":{"line":2,"column":101}}],"line":2},"1":{"loc":{"start":{"line":6,"column":19},"end":{"line":6,"column":72}},"type":"binary-expr","locations":[{"start":{"line":6,"column":19},"end":{"line":6,"column":43}},{"start":{"line":6,"column":47},"end":{"line":6,"column":72}}],"line":6},"2":{"loc":{"start":{"line":7,"column":20},"end":{"line":7,"column":101}},"type":"binary-expr","locations":[{"start":{"line":7,"column":20},"end":{"line":7,"column":60}},{"start":{"line":7,"column":64},"end":{"line":7,"column":101}}],"line":7},"3":{"loc":{"start":{"line":8,"column":22},"end":{"line":8,"column":87}},"type":"binary-expr","locations":[{"start":{"line":8,"column":22},"end":{"line":8,"column":47}},{"start":{"line":8,"column":51},"end":{"line":8,"column":87}}],"line":8},"4":{"loc":{"start":{"line":12,"column":19},"end":{"line":12,"column":72}},"type":"binary-expr","locations":[{"start":{"line":12,"column":19},"end":{"line":12,"column":43}},{"start":{"line":12,"column":47},"end":{"line":12,"column":72}}],"line":12},"5":{"loc":{"start":{"line":13,"column":20},"end":{"line":13,"column":101}},"type":"binary-expr","locations":[{"start":{"line":13,"column":20},"end":{"line":13,"column":60}},{"start":{"line":13,"column":64},"end":{"line":13,"column":101}}],"line":13},"6":{"loc":{"start":{"line":14,"column":20},"end":{"line":14,"column":84}},"type":"binary-expr","locations":[{"start":{"line":14,"column":20},"end":{"line":14,"column":44}},{"start":{"line":14,"column":48},"end":{"line":14,"column":84}}],"line":14},"7":{"loc":{"start":{"line":15,"column":22},"end":{"line":15,"column":94}},"type":"binary-expr","locations":[{"start":{"line":15,"column":22},"end":{"line":15,"column":47}},{"start":{"line":15,"column":51},"end":{"line":15,"column":94}}],"line":15}},"s":{"0":2,"1":7,"2":2,"3":10,"4":7,"5":9,"6":2,"7":3,"8":2,"9":4,"10":2},"f":{"0":7,"1":10,"2":7,"3":9,"4":3,"5":2,"6":4,"7":2},"b":{"0":[7,5],"1":[10,3],"2":[7,2],"3":[9,3],"4":[3,1],"5":[2,1],"6":[4,2],"7":[2,1]},"meta":{"lastBranch":8,"lastFunction":8,"lastStatement":11,"seen":{"s:1:32:3:1":0,"f:2:9:2:10":0,"s:2:20:2:101":1,"b:2:20:2:60:2:64:2:101":0,"s:5:29:9:1":2,"f:6:8:6:9":1,"s:6:19:6:72":3,"b:6:19:6:43:6:47:6:72":1,"f:7:9:7:10":2,"s:7:20:7:101":4,"b:7:20:7:60:7:64:7:101":2,"f:8:11:8:12":3,"s:8:22:8:87":5,"b:8:22:8:47:8:51:8:87":3,"s:11:31:16:1":6,"f:12:8:12:9":4,"s:12:19:12:72":7,"b:12:19:12:43:12:47:12:72":4,"f:13:9:13:10":5,"s:13:20:13:101":8,"b:13:20:13:60:13:64:13:101":5,"f:14:9:14:10":6,"s:14:20:14:84":9,"b:14:20:14:44:14:48:14:84":6,"f:15:11:15:12":7,"s:15:22:15:94":10,"b:15:22:15:47:15:51:15:94":7},"fnNames":{}}}
}
